<?xml version="1.0" encoding="UTF-8"?>
<testsuites name="TS_ANEF_Eloignement_OQTF" time="344.715" tests="6" failures="5" errors="0">
   <testsuite name="TS_ANEF_Eloignement_OQTF" tests="6" failures="5" errors="0" time="344.715" skipped="0" timestamp="12-02-2025T14:18:55" hostname="nbenjemi - LFR-5CG1459ZTG.corp.capgemini.com" id="Test Suites/TS_ANEF_Eloignement_OQTF">
      <properties>
[...]
</properties>
      <testcase name="Test Cases/Cas D Utilisations/A_Version_Nawres/Eloignement_OQTF" time="112.218" classname="Test Cases/Cas D Utilisations/A_Version_Nawres/Eloignement_OQTF" status="FAILED">
         <failure type="FAILED" message="Test Cases/Cas D Utilisations/A_Version_Nawres/Eloignement_OQTF FAILED.&#xa;Reason:&#xa;com.kms.katalon.core.exception.StepFailedException: Call Test Case 'Test Cases/Test Reutilisable/Main/AVersion_Nawres/ANEF_Prendre_Mesure' failed&#xa;	at com.kms.katalon.core.keyword.builtin.CallTestCaseKeyword$_callTestCase_closure1.doCall(CallTestCaseKeyword.groovy:63)&#xa;	at com.kms.katalon.core.keyword.builtin.CallTestCaseKeyword$_callTestCase_closure1.call(CallTestCaseKeyword.groovy)&#xa;	at com.kms.katalon.core.keyword.internal.KeywordMain.runKeyword(KeywordMain.groovy:75)&#xa;	at com.kms.katalon.core.keyword.builtin.CallTestCaseKeyword.callTestCase(CallTestCaseKeyword.groovy:81)&#xa;	at com.kms.katalon.core.keyword.builtin.CallTestCaseKeyword.execute(CallTestCaseKeyword.groovy:44)&#xa;	at com.kms.katalon.core.keyword.internal.KeywordExecutor.executeKeywordForPlatform(KeywordExecutor.groovy:74)&#xa;	at com.kms.katalon.core.keyword.BuiltinKeywords.callTestCase(BuiltinKeywords.groovy:310)&#xa;	at java.base/jdk.internal.reflect.NativeMethodAccessorImpl.invoke0(Native Method)&#xa;	at java.base/jdk.internal.reflect.NativeMethodAccessorImpl.invoke(NativeMethodAccessorImpl.java:77)&#xa;	at java.base/jdk.internal.reflect.DelegatingMethodAccessorImpl.invoke(DelegatingMethodAccessorImpl.java:43)&#xa;	at com.kazurayam.ksbackyard.HighlightElement$_pandemic_closure1.doCall(HighlightElement.groovy:105)&#xa;	at jdk.internal.reflect.GeneratedMethodAccessor9.invoke(Unknown Source)&#xa;	at java.base/jdk.internal.reflect.DelegatingMethodAccessorImpl.invoke(DelegatingMethodAccessorImpl.java:43)&#xa;	at Eloignement_OQTF.run(Eloignement_OQTF:42)&#xa;	at com.kms.katalon.core.main.ScriptEngine.run(ScriptEngine.java:194)&#xa;	at com.kms.katalon.core.main.ScriptEngine.runScriptAsRawText(ScriptEngine.java:119)&#xa;	at com.kms.katalon.core.main.TestCaseExecutor.runScript(TestCaseExecutor.java:448)&#xa;	at com.kms.katalon.core.main.TestCaseExecutor.doExecute(TestCaseExecutor.java:439)&#xa;	at com.kms.katalon.core.main.TestCaseExecutor.processExecutionPhase(TestCaseExecutor.java:418)&#xa;	at com.kms.katalon.core.main.TestCaseExecutor.accessMainPhase(TestCaseExecutor.java:410)&#xa;	at com.kms.katalon.core.main.TestCaseExecutor.execute(TestCaseExecutor.java:285)&#xa;	at com.kms.katalon.core.common.CommonExecutor.accessTestCaseMainPhase(CommonExecutor.java:65)&#xa;	at com.kms.katalon.core.main.TestSuiteExecutor.accessTestSuiteMainPhase(TestSuiteExecutor.java:150)&#xa;	at com.kms.katalon.core.main.TestSuiteExecutor.execute(TestSuiteExecutor.java:106)&#xa;	at com.kms.katalon.core.main.TestCaseMain.startTestSuite(TestCaseMain.java:180)&#xa;	at TempTestSuite1739366320778.run(TempTestSuite1739366320778.groovy:35)&#xa;	at java.base/jdk.internal.reflect.NativeMethodAccessorImpl.invoke0(Native Method)&#xa;	at java.base/jdk.internal.reflect.NativeMethodAccessorImpl.invoke(NativeMethodAccessorImpl.java:77)&#xa;	at java.base/jdk.internal.reflect.DelegatingMethodAccessorImpl.invoke(DelegatingMethodAccessorImpl.java:43)&#xa;Caused by: com.kms.katalon.core.exception.StepFailedException: Call Test Case 'Test Cases/Test Reutilisable/Main/AVersion_Nawres/ANEF_Prendre_Mesure_Formulaire_1' failed&#xa;	at com.kms.katalon.core.keyword.builtin.CallTestCaseKeyword$_callTestCase_closure1.doCall(CallTestCaseKeyword.groovy:63)&#xa;	at com.kms.katalon.core.keyword.builtin.CallTestCaseKeyword$_callTestCase_closure1.call(CallTestCaseKeyword.groovy)&#xa;	at com.kms.katalon.core.keyword.internal.KeywordMain.runKeyword(KeywordMain.groovy:75)&#xa;	at com.kms.katalon.core.keyword.builtin.CallTestCaseKeyword.callTestCase(CallTestCaseKeyword.groovy:81)&#xa;	at com.kms.katalon.core.keyword.builtin.CallTestCaseKeyword.execute(CallTestCaseKeyword.groovy:44)&#xa;	at com.kms.katalon.core.keyword.internal.KeywordExecutor.executeKeywordForPlatform(KeywordExecutor.groovy:74)&#xa;	at com.kms.katalon.core.keyword.BuiltinKeywords.callTestCase(BuiltinKeywords.groovy:310)&#xa;	at java.base/jdk.internal.reflect.NativeMethodAccessorImpl.invoke0(Native Method)&#xa;	at java.base/jdk.internal.reflect.NativeMethodAccessorImpl.invoke(NativeMethodAccessorImpl.java:77)&#xa;	at java.base/jdk.internal.reflect.DelegatingMethodAccessorImpl.invoke(DelegatingMethodAccessorImpl.java:43)&#xa;	at com.kazurayam.ksbackyard.HighlightElement$_pandemic_closure1.doCall(HighlightElement.groovy:105)&#xa;	at jdk.internal.reflect.GeneratedMethodAccessor9.invoke(Unknown Source)&#xa;	at java.base/jdk.internal.reflect.DelegatingMethodAccessorImpl.invoke(DelegatingMethodAccessorImpl.java:43)&#xa;	at ANEF_Prendre_Mesure.run(ANEF_Prendre_Mesure:92)&#xa;	at com.kms.katalon.core.main.ScriptEngine.run(ScriptEngine.java:194)&#xa;	at com.kms.katalon.core.main.ScriptEngine.runScriptAsRawText(ScriptEngine.java:119)&#xa;	at com.kms.katalon.core.main.TestCaseExecutor.runScript(TestCaseExecutor.java:448)&#xa;	at com.kms.katalon.core.main.TestCaseExecutor.doExecute(TestCaseExecutor.java:439)&#xa;	at com.kms.katalon.core.main.TestCaseExecutor.processExecutionPhase(TestCaseExecutor.java:418)&#xa;	at com.kms.katalon.core.main.TestCaseExecutor.accessMainPhase(TestCaseExecutor.java:410)&#xa;	at com.kms.katalon.core.main.TestCaseExecutor.execute(TestCaseExecutor.java:285)&#xa;	at com.kms.katalon.core.main.TestCaseMain.runTestCase(TestCaseMain.java:137)&#xa;	at com.kms.katalon.core.keyword.builtin.CallTestCaseKeyword$_callTestCase_closure1.doCall(CallTestCaseKeyword.groovy:59)&#xa;	... 28 more&#xa;Caused by: com.kms.katalon.core.exception.StepFailedException: Unable to click on object 'Object Repository/A_Version_Nawres/Page_Prendre_Mesure_Formulaire_1/btn_Ajouter_Document'&#xa;	at com.kms.katalon.core.webui.keyword.internal.WebUIKeywordMain.stepFailed(WebUIKeywordMain.groovy:64)&#xa;	at com.kms.katalon.core.webui.keyword.internal.WebUIKeywordMain.runKeyword(WebUIKeywordMain.groovy:26)&#xa;	at com.kms.katalon.core.webui.keyword.builtin.ClickKeyword.click(ClickKeyword.groovy:74)&#xa;	at com.kms.katalon.core.webui.keyword.builtin.ClickKeyword.execute(ClickKeyword.groovy:40)&#xa;	at com.kms.katalon.core.keyword.internal.KeywordExecutor.executeKeywordForPlatform(KeywordExecutor.groovy:74)&#xa;	at com.kms.katalon.core.webui.keyword.WebUiBuiltInKeywords.click(WebUiBuiltInKeywords.groovy:647)&#xa;	at java.base/jdk.internal.reflect.NativeMethodAccessorImpl.invoke0(Native Method)&#xa;	at java.base/jdk.internal.reflect.NativeMethodAccessorImpl.invoke(NativeMethodAccessorImpl.java:77)&#xa;	at java.base/jdk.internal.reflect.DelegatingMethodAccessorImpl.invoke(DelegatingMethodAccessorImpl.java:43)&#xa;	at com.kazurayam.ksbackyard.HighlightElement$_pandemic_closure1.doCall(HighlightElement.groovy:105)&#xa;	at jdk.internal.reflect.GeneratedMethodAccessor9.invoke(Unknown Source)&#xa;	at java.base/jdk.internal.reflect.DelegatingMethodAccessorImpl.invoke(DelegatingMethodAccessorImpl.java:43)&#xa;	at ANEF_Prendre_Mesure_Formulaire_1.run(ANEF_Prendre_Mesure_Formulaire_1:219)&#xa;	at com.kms.katalon.core.main.ScriptEngine.run(ScriptEngine.java:194)&#xa;	at com.kms.katalon.core.main.ScriptEngine.runScriptAsRawText(ScriptEngine.java:119)&#xa;	at com.kms.katalon.core.main.TestCaseExecutor.runScript(TestCaseExecutor.java:448)&#xa;	at com.kms.katalon.core.main.TestCaseExecutor.doExecute(TestCaseExecutor.java:439)&#xa;	at com.kms.katalon.core.main.TestCaseExecutor.processExecutionPhase(TestCaseExecutor.java:418)&#xa;	at com.kms.katalon.core.main.TestCaseExecutor.accessMainPhase(TestCaseExecutor.java:410)&#xa;	at com.kms.katalon.core.main.TestCaseExecutor.execute(TestCaseExecutor.java:285)&#xa;	at com.kms.katalon.core.main.TestCaseMain.runTestCase(TestCaseMain.java:137)&#xa;	at com.kms.katalon.core.keyword.builtin.CallTestCaseKeyword$_callTestCase_closure1.doCall(CallTestCaseKeyword.groovy:59)&#xa;	... 50 more&#xa;Caused by: org.openqa.selenium.ElementClickInterceptedException: element click intercepted: Element &lt;button id=&quot;btn-add-file-3&quot; class=&quot;fr-grid-row--center fr-btn fr-btn--sm fr-btn--tertiary fr-icon-add-line fr-btn--icon-left fr-mb-2w ng-star-inserted&quot; style=&quot;outline: dashed red;&quot;>...&lt;/button> is not clickable at point (840, 110). Other element would receive the click: &lt;button data-fr-opened=&quot;false&quot; aria-label=&quot;Supprimer&quot; title=&quot;Supprimer une Mesure&quot; disabled=&quot;&quot; class=&quot;fr-icon-delete-line fr-btn fr-btn--icon-left fr-btn--tertiary&quot;>...&lt;/button>&#xa;  (Session info: chrome=133.0.6943.60)&#xa;Build info: version: '3.141.59', revision: 'unknown', time: 'unknown'&#xa;System info: host: 'LFR-5CG1459ZTG', ip: '192.168.1.197', os.name: 'Windows 11', os.arch: 'amd64', os.version: '10.0', java.version: '17.0.7'&#xa;Driver info: com.kms.katalon.selenium.driver.CChromeDriver&#xa;Capabilities {acceptInsecureCerts: false, browserName: chrome, browserVersion: 133.0.6943.60, chrome: {chromedriverVersion: 133.0.6943.53 (9a80935019b0..., userDataDir: C:\Windows\SystemTemp\scope...}, fedcm:accounts: true, goog:chromeOptions: {debuggerAddress: localhost:59604}, javascriptEnabled: true, networkConnectionEnabled: false, pageLoadStrategy: normal, platform: WINDOWS, platformName: WINDOWS, proxy: Proxy(), setWindowRect: true, strictFileInteractability: false, timeouts: {implicit: 0, pageLoad: 300000, script: 30000}, unhandledPromptBehavior: dismiss and notify, webauthn:extension:credBlob: true, webauthn:extension:largeBlob: true, webauthn:extension:minPinLength: true, webauthn:extension:prf: true, webauthn:virtualAuthenticators: true}&#xa;Session ID: b14a02cbf642a6c32f74641972e34760&#xa;	at java.base/jdk.internal.reflect.NativeConstructorAccessorImpl.newInstance0(Native Method)&#xa;	at java.base/jdk.internal.reflect.NativeConstructorAccessorImpl.newInstance(NativeConstructorAccessorImpl.java:77)&#xa;	at java.base/jdk.internal.reflect.DelegatingConstructorAccessorImpl.newInstance(DelegatingConstructorAccessorImpl.java:45)&#xa;	at org.openqa.selenium.remote.http.W3CHttpResponseCodec.createException(W3CHttpResponseCodec.java:187)&#xa;	at org.openqa.selenium.remote.http.W3CHttpResponseCodec.decode(W3CHttpResponseCodec.java:122)&#xa;	at org.openqa.selenium.remote.http.W3CHttpResponseCodec.decode(W3CHttpResponseCodec.java:49)&#xa;	at org.openqa.selenium.remote.HttpCommandExecutor.execute(HttpCommandExecutor.java:158)&#xa;	at org.openqa.selenium.remote.service.DriverCommandExecutor.execute(DriverCommandExecutor.java:83)&#xa;	at org.openqa.selenium.remote.RemoteWebDriver.execute(RemoteWebDriver.java:552)&#xa;	at com.kms.katalon.selenium.driver.CChromeDriver.execute(CChromeDriver.java:19)&#xa;	at org.openqa.selenium.remote.RemoteWebElement.execute(RemoteWebElement.java:285)&#xa;	at org.openqa.selenium.remote.RemoteWebElement.click(RemoteWebElement.java:84)&#xa;	at jdk.internal.reflect.GeneratedMethodAccessor19.invoke(Unknown Source)&#xa;	at java.base/jdk.internal.reflect.DelegatingMethodAccessorImpl.invoke(DelegatingMethodAccessorImpl.java:43)&#xa;	at org.openqa.selenium.support.events.EventFiringWebDriver$EventFiringWebElement.lambda$new$0(EventFiringWebDriver.java:404)&#xa;	at jdk.proxy2/jdk.proxy2.$Proxy24.click(Unknown Source)&#xa;	at org.openqa.selenium.support.events.EventFiringWebDriver$EventFiringWebElement.click(EventFiringWebDriver.java:417)&#xa;	at org.openqa.selenium.WebElement$click.call(Unknown Source)&#xa;	at com.kms.katalon.core.webui.keyword.builtin.ClickKeyword.clickUntilSuccessWithTimeout(ClickKeyword.groovy:81)&#xa;	at com.kms.katalon.core.webui.keyword.builtin.ClickKeyword.clickUntilSuccessWithTimeout(ClickKeyword.groovy)&#xa;	at java.base/jdk.internal.reflect.NativeMethodAccessorImpl.invoke0(Native Method)&#xa;	at java.base/jdk.internal.reflect.NativeMethodAccessorImpl.invoke(NativeMethodAccessorImpl.java:77)&#xa;	at java.base/jdk.internal.reflect.DelegatingMethodAccessorImpl.invoke(DelegatingMethodAccessorImpl.java:43)&#xa;	at com.kms.katalon.core.webui.keyword.builtin.ClickKeyword$_click_closure1.doCall(ClickKeyword.groovy:67)&#xa;	at com.kms.katalon.core.webui.keyword.builtin.ClickKeyword$_click_closure1.call(ClickKeyword.groovy)&#xa;	at com.kms.katalon.core.webui.keyword.internal.WebUIKeywordMain.runKeyword(WebUIKeywordMain.groovy:20)&#xa;	... 70 more&#xa;"/>
         <system-out><![CDATA[12-02-2025T14:18:56 - [TEST_CASE][FAILED] - Test Cases/Cas D Utilisations/A_Version_Nawres/Eloignement_OQTF: Test Cases/Cas D Utilisations/A_Version_Nawres/Eloignement_OQTF FAILED.
Reason:
com.kms.katalon.core.exception.StepFailedException: Call Test Case 'Test Cases/Test Reutilisable/Main/AVersion_Nawres/ANEF_Prendre_Mesure' failed
	at com.kms.katalon.core.keyword.builtin.CallTestCaseKeyword$_callTestCase_closure1.doCall(CallTestCaseKeyword.groovy:63)
	at com.kms.katalon.core.keyword.builtin.CallTestCaseKeyword$_callTestCase_closure1.call(CallTestCaseKeyword.groovy)
	at com.kms.katalon.core.keyword.internal.KeywordMain.runKeyword(KeywordMain.groovy:75)
	at com.kms.katalon.core.keyword.builtin.CallTestCaseKeyword.callTestCase(CallTestCaseKeyword.groovy:81)
	at com.kms.katalon.core.keyword.builtin.CallTestCaseKeyword.execute(CallTestCaseKeyword.groovy:44)
	at com.kms.katalon.core.keyword.internal.KeywordExecutor.executeKeywordForPlatform(KeywordExecutor.groovy:74)
	at com.kms.katalon.core.keyword.BuiltinKeywords.callTestCase(BuiltinKeywords.groovy:310)
	at java.base/jdk.internal.reflect.NativeMethodAccessorImpl.invoke0(Native Method)
	at java.base/jdk.internal.reflect.NativeMethodAccessorImpl.invoke(NativeMethodAccessorImpl.java:77)
	at java.base/jdk.internal.reflect.DelegatingMethodAccessorImpl.invoke(DelegatingMethodAccessorImpl.java:43)
	at com.kazurayam.ksbackyard.HighlightElement$_pandemic_closure1.doCall(HighlightElement.groovy:105)
	at jdk.internal.reflect.GeneratedMethodAccessor9.invoke(Unknown Source)
	at java.base/jdk.internal.reflect.DelegatingMethodAccessorImpl.invoke(DelegatingMethodAccessorImpl.java:43)
	at Eloignement_OQTF.run(Eloignement_OQTF:42)
	at com.kms.katalon.core.main.ScriptEngine.run(ScriptEngine.java:194)
	at com.kms.katalon.core.main.ScriptEngine.runScriptAsRawText(ScriptEngine.java:119)
	at com.kms.katalon.core.main.TestCaseExecutor.runScript(TestCaseExecutor.java:448)
	at com.kms.katalon.core.main.TestCaseExecutor.doExecute(TestCaseExecutor.java:439)
	at com.kms.katalon.core.main.TestCaseExecutor.processExecutionPhase(TestCaseExecutor.java:418)
	at com.kms.katalon.core.main.TestCaseExecutor.accessMainPhase(TestCaseExecutor.java:410)
	at com.kms.katalon.core.main.TestCaseExecutor.execute(TestCaseExecutor.java:285)
	at com.kms.katalon.core.common.CommonExecutor.accessTestCaseMainPhase(CommonExecutor.java:65)
	at com.kms.katalon.core.main.TestSuiteExecutor.accessTestSuiteMainPhase(TestSuiteExecutor.java:150)
	at com.kms.katalon.core.main.TestSuiteExecutor.execute(TestSuiteExecutor.java:106)
	at com.kms.katalon.core.main.TestCaseMain.startTestSuite(TestCaseMain.java:180)
	at TempTestSuite1739366320778.run(TempTestSuite1739366320778.groovy:35)
	at java.base/jdk.internal.reflect.NativeMethodAccessorImpl.invoke0(Native Method)
	at java.base/jdk.internal.reflect.NativeMethodAccessorImpl.invoke(NativeMethodAccessorImpl.java:77)
	at java.base/jdk.internal.reflect.DelegatingMethodAccessorImpl.invoke(DelegatingMethodAccessorImpl.java:43)
Caused by: com.kms.katalon.core.exception.StepFailedException: Call Test Case 'Test Cases/Test Reutilisable/Main/AVersion_Nawres/ANEF_Prendre_Mesure_Formulaire_1' failed
	at com.kms.katalon.core.keyword.builtin.CallTestCaseKeyword$_callTestCase_closure1.doCall(CallTestCaseKeyword.groovy:63)
	at com.kms.katalon.core.keyword.builtin.CallTestCaseKeyword$_callTestCase_closure1.call(CallTestCaseKeyword.groovy)
	at com.kms.katalon.core.keyword.internal.KeywordMain.runKeyword(KeywordMain.groovy:75)
	at com.kms.katalon.core.keyword.builtin.CallTestCaseKeyword.callTestCase(CallTestCaseKeyword.groovy:81)
	at com.kms.katalon.core.keyword.builtin.CallTestCaseKeyword.execute(CallTestCaseKeyword.groovy:44)
	at com.kms.katalon.core.keyword.internal.KeywordExecutor.executeKeywordForPlatform(KeywordExecutor.groovy:74)
	at com.kms.katalon.core.keyword.BuiltinKeywords.callTestCase(BuiltinKeywords.groovy:310)
	at java.base/jdk.internal.reflect.NativeMethodAccessorImpl.invoke0(Native Method)
	at java.base/jdk.internal.reflect.NativeMethodAccessorImpl.invoke(NativeMethodAccessorImpl.java:77)
	at java.base/jdk.internal.reflect.DelegatingMethodAccessorImpl.invoke(DelegatingMethodAccessorImpl.java:43)
	at com.kazurayam.ksbackyard.HighlightElement$_pandemic_closure1.doCall(HighlightElement.groovy:105)
	at jdk.internal.reflect.GeneratedMethodAccessor9.invoke(Unknown Source)
	at java.base/jdk.internal.reflect.DelegatingMethodAccessorImpl.invoke(DelegatingMethodAccessorImpl.java:43)
	at ANEF_Prendre_Mesure.run(ANEF_Prendre_Mesure:92)
	at com.kms.katalon.core.main.ScriptEngine.run(ScriptEngine.java:194)
	at com.kms.katalon.core.main.ScriptEngine.runScriptAsRawText(ScriptEngine.java:119)
	at com.kms.katalon.core.main.TestCaseExecutor.runScript(TestCaseExecutor.java:448)
	at com.kms.katalon.core.main.TestCaseExecutor.doExecute(TestCaseExecutor.java:439)
	at com.kms.katalon.core.main.TestCaseExecutor.processExecutionPhase(TestCaseExecutor.java:418)
	at com.kms.katalon.core.main.TestCaseExecutor.accessMainPhase(TestCaseExecutor.java:410)
	at com.kms.katalon.core.main.TestCaseExecutor.execute(TestCaseExecutor.java:285)
	at com.kms.katalon.core.main.TestCaseMain.runTestCase(TestCaseMain.java:137)
	at com.kms.katalon.core.keyword.builtin.CallTestCaseKeyword$_callTestCase_closure1.doCall(CallTestCaseKeyword.groovy:59)
	... 28 more
Caused by: com.kms.katalon.core.exception.StepFailedException: Unable to click on object 'Object Repository/A_Version_Nawres/Page_Prendre_Mesure_Formulaire_1/btn_Ajouter_Document'
	at com.kms.katalon.core.webui.keyword.internal.WebUIKeywordMain.stepFailed(WebUIKeywordMain.groovy:64)
	at com.kms.katalon.core.webui.keyword.internal.WebUIKeywordMain.runKeyword(WebUIKeywordMain.groovy:26)
	at com.kms.katalon.core.webui.keyword.builtin.ClickKeyword.click(ClickKeyword.groovy:74)
	at com.kms.katalon.core.webui.keyword.builtin.ClickKeyword.execute(ClickKeyword.groovy:40)
	at com.kms.katalon.core.keyword.internal.KeywordExecutor.executeKeywordForPlatform(KeywordExecutor.groovy:74)
	at com.kms.katalon.core.webui.keyword.WebUiBuiltInKeywords.click(WebUiBuiltInKeywords.groovy:647)
	at java.base/jdk.internal.reflect.NativeMethodAccessorImpl.invoke0(Native Method)
	at java.base/jdk.internal.reflect.NativeMethodAccessorImpl.invoke(NativeMethodAccessorImpl.java:77)
	at java.base/jdk.internal.reflect.DelegatingMethodAccessorImpl.invoke(DelegatingMethodAccessorImpl.java:43)
	at com.kazurayam.ksbackyard.HighlightElement$_pandemic_closure1.doCall(HighlightElement.groovy:105)
	at jdk.internal.reflect.GeneratedMethodAccessor9.invoke(Unknown Source)
	at java.base/jdk.internal.reflect.DelegatingMethodAccessorImpl.invoke(DelegatingMethodAccessorImpl.java:43)
	at ANEF_Prendre_Mesure_Formulaire_1.run(ANEF_Prendre_Mesure_Formulaire_1:219)
	at com.kms.katalon.core.main.ScriptEngine.run(ScriptEngine.java:194)
	at com.kms.katalon.core.main.ScriptEngine.runScriptAsRawText(ScriptEngine.java:119)
	at com.kms.katalon.core.main.TestCaseExecutor.runScript(TestCaseExecutor.java:448)
	at com.kms.katalon.core.main.TestCaseExecutor.doExecute(TestCaseExecutor.java:439)
	at com.kms.katalon.core.main.TestCaseExecutor.processExecutionPhase(TestCaseExecutor.java:418)
	at com.kms.katalon.core.main.TestCaseExecutor.accessMainPhase(TestCaseExecutor.java:410)
	at com.kms.katalon.core.main.TestCaseExecutor.execute(TestCaseExecutor.java:285)
	at com.kms.katalon.core.main.TestCaseMain.runTestCase(TestCaseMain.java:137)
	at com.kms.katalon.core.keyword.builtin.CallTestCaseKeyword$_callTestCase_closure1.doCall(CallTestCaseKeyword.groovy:59)
	... 50 more
Caused by: org.openqa.selenium.ElementClickInterceptedException: element click intercepted: Element <button id="btn-add-file-3" class="fr-grid-row--center fr-btn fr-btn--sm fr-btn--tertiary fr-icon-add-line fr-btn--icon-left fr-mb-2w ng-star-inserted" style="outline: dashed red;">...</button> is not clickable at point (840, 110). Other element would receive the click: <button data-fr-opened="false" aria-label="Supprimer" title="Supprimer une Mesure" disabled="" class="fr-icon-delete-line fr-btn fr-btn--icon-left fr-btn--tertiary">...</button>
  (Session info: chrome=133.0.6943.60)
Build info: version: '3.141.59', revision: 'unknown', time: 'unknown'
System info: host: 'LFR-5CG1459ZTG', ip: '192.168.1.197', os.name: 'Windows 11', os.arch: 'amd64', os.version: '10.0', java.version: '17.0.7'
Driver info: com.kms.katalon.selenium.driver.CChromeDriver
Capabilities {acceptInsecureCerts: false, browserName: chrome, browserVersion: 133.0.6943.60, chrome: {chromedriverVersion: 133.0.6943.53 (9a80935019b0..., userDataDir: C:\Windows\SystemTemp\scope...}, fedcm:accounts: true, goog:chromeOptions: {debuggerAddress: localhost:59604}, javascriptEnabled: true, networkConnectionEnabled: false, pageLoadStrategy: normal, platform: WINDOWS, platformName: WINDOWS, proxy: Proxy(), setWindowRect: true, strictFileInteractability: false, timeouts: {implicit: 0, pageLoad: 300000, script: 30000}, unhandledPromptBehavior: dismiss and notify, webauthn:extension:credBlob: true, webauthn:extension:largeBlob: true, webauthn:extension:minPinLength: true, webauthn:extension:prf: true, webauthn:virtualAuthenticators: true}
Session ID: b14a02cbf642a6c32f74641972e34760
	at java.base/jdk.internal.reflect.NativeConstructorAccessorImpl.newInstance0(Native Method)
	at java.base/jdk.internal.reflect.NativeConstructorAccessorImpl.newInstance(NativeConstructorAccessorImpl.java:77)
	at java.base/jdk.internal.reflect.DelegatingConstructorAccessorImpl.newInstance(DelegatingConstructorAccessorImpl.java:45)
	at org.openqa.selenium.remote.http.W3CHttpResponseCodec.createException(W3CHttpResponseCodec.java:187)
	at org.openqa.selenium.remote.http.W3CHttpResponseCodec.decode(W3CHttpResponseCodec.java:122)
	at org.openqa.selenium.remote.http.W3CHttpResponseCodec.decode(W3CHttpResponseCodec.java:49)
	at org.openqa.selenium.remote.HttpCommandExecutor.execute(HttpCommandExecutor.java:158)
	at org.openqa.selenium.remote.service.DriverCommandExecutor.execute(DriverCommandExecutor.java:83)
	at org.openqa.selenium.remote.RemoteWebDriver.execute(RemoteWebDriver.java:552)
	at com.kms.katalon.selenium.driver.CChromeDriver.execute(CChromeDriver.java:19)
	at org.openqa.selenium.remote.RemoteWebElement.execute(RemoteWebElement.java:285)
	at org.openqa.selenium.remote.RemoteWebElement.click(RemoteWebElement.java:84)
	at jdk.internal.reflect.GeneratedMethodAccessor19.invoke(Unknown Source)
	at java.base/jdk.internal.reflect.DelegatingMethodAccessorImpl.invoke(DelegatingMethodAccessorImpl.java:43)
	at org.openqa.selenium.support.events.EventFiringWebDriver$EventFiringWebElement.lambda$new$0(EventFiringWebDriver.java:404)
	at jdk.proxy2/jdk.proxy2.$Proxy24.click(Unknown Source)
	at org.openqa.selenium.support.events.EventFiringWebDriver$EventFiringWebElement.click(EventFiringWebDriver.java:417)
	at org.openqa.selenium.WebElement$click.call(Unknown Source)
	at com.kms.katalon.core.webui.keyword.builtin.ClickKeyword.clickUntilSuccessWithTimeout(ClickKeyword.groovy:81)
	at com.kms.katalon.core.webui.keyword.builtin.ClickKeyword.clickUntilSuccessWithTimeout(ClickKeyword.groovy)
	at java.base/jdk.internal.reflect.NativeMethodAccessorImpl.invoke0(Native Method)
	at java.base/jdk.internal.reflect.NativeMethodAccessorImpl.invoke(NativeMethodAccessorImpl.java:77)
	at java.base/jdk.internal.reflect.DelegatingMethodAccessorImpl.invoke(DelegatingMethodAccessorImpl.java:43)
	at com.kms.katalon.core.webui.keyword.builtin.ClickKeyword$_click_closure1.doCall(ClickKeyword.groovy:67)
	at com.kms.katalon.core.webui.keyword.builtin.ClickKeyword$_click_closure1.call(ClickKeyword.groovy)
	at com.kms.katalon.core.webui.keyword.internal.WebUIKeywordMain.runKeyword(WebUIKeywordMain.groovy:20)
	... 70 more


12-02-2025T14:18:59 - [TEST_STEP][PASSED] - callTestCase(findTestCase("Test Cases/Test Reutilisable/Main/AVersion_Nawres/ANEF_Lancer_URL_ANEF"), ["Profiles":Profiles, "EnvExec":EnvExec], STOP_ON_FAILURE): Call Test Case 'Test Cases/Test Reutilisable/Main/AVersion_Nawres/ANEF_Lancer_URL_ANEF' successfully

12-02-2025T14:18:59 - [MESSAGE][INFO] - Checking called Test Case

12-02-2025T14:19:00 - [MESSAGE][INFO] - Starting to call Test Case 'Test Cases/Test Reutilisable/Main/AVersion_Nawres/ANEF_Lancer_URL_ANEF'

12-02-2025T14:19:00 - [TEST_CASE][PASSED] - Test Cases/Test Reutilisable/Main/AVersion_Nawres/ANEF_Lancer_URL_ANEF: Test Cases/Test Reutilisable/Main/AVersion_Nawres/ANEF_Lancer_URL_ANEF

12-02-2025T14:19:01 - [TEST_STEP][PASSED] - "Call Highlight.on() automatically": null

12-02-2025T14:19:01 - [TEST_STEP][PASSED] - projDir = getProjectDir(): null

12-02-2025T14:19:01 - [TEST_STEP][PASSED] - RunBrowserConfiguration = getExecutionProperties(): null

12-02-2025T14:19:01 - [TEST_STEP][PASSED] - DriverName = get("WebUI").get("browserType"): null

12-02-2025T14:19:01 - [TEST_STEP][PASSED] - println("DriverName :" + DriverName): null

12-02-2025T14:19:02 - [TEST_STEP][PASSED] - println("Driverpath :" + RunBrowserConfiguration.get("drivers")): null

12-02-2025T14:19:02 - [TEST_STEP][PASSED] - if (Profiles == "Usager"): null

12-02-2025T14:19:02 - [TEST_STEP][PASSED] - if (Profiles == "Agent"): Current window maximized

12-02-2025T14:19:02 - [TEST_STEP][PASSED] - if (EnvExec == "URLPortailAgentQualif"): null

12-02-2025T14:19:02 - [TEST_STEP][PASSED] - if (EnvExec == "URLPortailAgentPreProd"): Browser is opened with url: 'https://preprod.siaef.dgef.interieur.gouv.fr/sejour/#/accueil'

12-02-2025T14:19:02 - [TEST_STEP][PASSED] - openBrowser(URLPortailAgentPreProd): Browser is opened with url: 'https://preprod.siaef.dgef.interieur.gouv.fr/sejour/#/accueil'

12-02-2025T14:19:03 - [MESSAGE][INFO] - Opening browser

12-02-2025T14:19:03 - [MESSAGE][INFO] - Starting 'Chrome' driver

12-02-2025T14:19:03 - [MESSAGE][INFO] - User set preference: ['args', '[--incognito, --disable-search-engine-choice-screen, --enable-automation, --disable-save-password-bubble, --start-maximized, --remote-allow-origins=*]']

12-02-2025T14:19:03 - [MESSAGE][INFO] - User set preference: ['prefs', '{download.default_directory=${GlobalVariable.downloadPath}, download_dir=${GlobalVariable.downloadPath}, download.prompt_for_download=false}']

12-02-2025T14:19:03 - [MESSAGE][INFO] - User set preference: ['loggingPrefs', '{browser=ALL}']

12-02-2025T14:19:03 - [MESSAGE][INFO] - Action delay is set to 1 000 milliseconds

12-02-2025T14:19:07 - [MESSAGE][INFO] - Navigating browser to: 'https://preprod.siaef.dgef.interieur.gouv.fr/sejour/#/accueil'

12-02-2025T14:19:09 - [MESSAGE][PASSED] - Browser is opened with url: 'https://preprod.siaef.dgef.interieur.gouv.fr/sejour/#/accueil'

12-02-2025T14:19:09 - [TEST_STEP][PASSED] - maximizeWindow(): Current window maximized

12-02-2025T14:19:09 - [MESSAGE][INFO] - Maximizing current window

12-02-2025T14:19:09 - [MESSAGE][PASSED] - Current window maximized

12-02-2025T14:19:10 - [MESSAGE][PASSED] - Call Test Case 'Test Cases/Test Reutilisable/Main/AVersion_Nawres/ANEF_Lancer_URL_ANEF' successfully

12-02-2025T14:19:10 - [TEST_STEP][PASSED] - callTestCase(findTestCase("Test Cases/Test Reutilisable/Main/AVersion_Nawres/ANEF_Identification"), ["Profiles":Profiles, "IdentifiantAgent":IdentifiantAgent, "PwAgent":PwAgent, "EnvExec":EnvExec], STOP_ON_FAILURE): Call Test Case 'Test Cases/Test Reutilisable/Main/AVersion_Nawres/ANEF_Identification' successfully

12-02-2025T14:19:10 - [MESSAGE][INFO] - Checking called Test Case

12-02-2025T14:19:10 - [MESSAGE][INFO] - Starting to call Test Case 'Test Cases/Test Reutilisable/Main/AVersion_Nawres/ANEF_Identification'

12-02-2025T14:19:10 - [TEST_CASE][PASSED] - Test Cases/Test Reutilisable/Main/AVersion_Nawres/ANEF_Identification: Test Cases/Test Reutilisable/Main/AVersion_Nawres/ANEF_Identification

12-02-2025T14:19:11 - [TEST_STEP][PASSED] - com.kazurayam.ksbackyard.HighlightElement.pandemic(): com.kazurayam.ksbackyard.HighlightElement.pandemic is PASSED

12-02-2025T14:19:11 - [MESSAGE][PASSED] - com.kazurayam.ksbackyard.HighlightElement.pandemic is PASSED

12-02-2025T14:19:11 - [TEST_STEP][PASSED] - if (Profiles == "Usager"): null

12-02-2025T14:19:11 - [TEST_STEP][PASSED] - if (Profiles == "Agent"): Object: 'Object Repository/A_Version_Nawres/Page_ANEF_Connexion/btn_Valider_Conx_Agent' is clicked on

12-02-2025T14:19:11 - [TEST_STEP][PASSED] - if (EnvExec == "URLPortailAgentQualif"): null

12-02-2025T14:19:11 - [TEST_STEP][PASSED] - if (EnvExec == "URLPortailAgentPreProd"): Text 'Natali12345!' is set on object 'Object Repository/A_Version_Nawres/Page_ANEF_Connexion/Input_PasswordAgent'

12-02-2025T14:19:11 - [TEST_STEP][PASSED] - setText(findTestObject("Object Repository/A_Version_Nawres/Page_ANEF_Connexion/Input_UserNameAgent"), IdentifiantAgent): Text 'test.gpe+970@outlook.fr' is set on object 'Object Repository/A_Version_Nawres/Page_ANEF_Connexion/Input_UserNameAgent'

12-02-2025T14:19:11 - [MESSAGE][INFO] - Finding Test Object 'Object Repository/A_Version_Nawres/Page_ANEF_Connexion/Input_UserNameAgent'

12-02-2025T14:19:11 - [MESSAGE][INFO] - Checking timeout

12-02-2025T14:19:11 - [MESSAGE][INFO] - Finding web element with id: 'Object Repository/A_Version_Nawres/Page_ANEF_Connexion/Input_UserNameAgent' located by 'By.xpath: //*[@aria-labelledby="username-label"]|//*[@id="login"]' in '20' second(s)

12-02-2025T14:19:11 - [MESSAGE][INFO] - Found 1 web elements with id: 'Object Repository/A_Version_Nawres/Page_ANEF_Connexion/Input_UserNameAgent' located by 'By.xpath: //*[@aria-labelledby="username-label"]|//*[@id="login"]' in '20' second(s)

12-02-2025T14:19:12 - [MESSAGE][INFO] - Checking object

12-02-2025T14:19:12 - [MESSAGE][INFO] - Checking text

12-02-2025T14:19:12 - [MESSAGE][INFO] - Finding web element from Test Object's properties

12-02-2025T14:19:12 - [MESSAGE][INFO] - Checking timeout

12-02-2025T14:19:12 - [MESSAGE][INFO] - Finding web element with id: 'Object Repository/A_Version_Nawres/Page_ANEF_Connexion/Input_UserNameAgent' located by 'By.xpath: //*[@aria-labelledby="username-label"]|//*[@id="login"]' in '2' second(s)

12-02-2025T14:19:12 - [MESSAGE][INFO] - Found 1 web elements with id: 'Object Repository/A_Version_Nawres/Page_ANEF_Connexion/Input_UserNameAgent' located by 'By.xpath: //*[@aria-labelledby="username-label"]|//*[@id="login"]' in '2' second(s)

12-02-2025T14:19:12 - [MESSAGE][INFO] - Clearing text of object 'Object Repository/A_Version_Nawres/Page_ANEF_Connexion/Input_UserNameAgent'

12-02-2025T14:19:13 - [MESSAGE][INFO] - Finding web element from Test Object's properties

12-02-2025T14:19:13 - [MESSAGE][INFO] - Checking timeout

12-02-2025T14:19:13 - [MESSAGE][INFO] - Finding web element with id: 'Object Repository/A_Version_Nawres/Page_ANEF_Connexion/Input_UserNameAgent' located by 'By.xpath: //*[@aria-labelledby="username-label"]|//*[@id="login"]' in '2' second(s)

12-02-2025T14:19:13 - [MESSAGE][INFO] - Found 1 web elements with id: 'Object Repository/A_Version_Nawres/Page_ANEF_Connexion/Input_UserNameAgent' located by 'By.xpath: //*[@aria-labelledby="username-label"]|//*[@id="login"]' in '2' second(s)

12-02-2025T14:19:13 - [MESSAGE][INFO] - Setting text of object 'Object Repository/A_Version_Nawres/Page_ANEF_Connexion/Input_UserNameAgent' to value 'test.gpe+970@outlook.fr'

12-02-2025T14:19:14 - [MESSAGE][PASSED] - Text 'test.gpe+970@outlook.fr' is set on object 'Object Repository/A_Version_Nawres/Page_ANEF_Connexion/Input_UserNameAgent'

12-02-2025T14:19:14 - [TEST_STEP][PASSED] - setText(findTestObject("Object Repository/A_Version_Nawres/Page_ANEF_Connexion/Input_PasswordAgent"), PwAgent): Text 'Natali12345!' is set on object 'Object Repository/A_Version_Nawres/Page_ANEF_Connexion/Input_PasswordAgent'

12-02-2025T14:19:14 - [MESSAGE][INFO] - Finding Test Object 'Object Repository/A_Version_Nawres/Page_ANEF_Connexion/Input_PasswordAgent'

12-02-2025T14:19:14 - [MESSAGE][INFO] - Checking timeout

12-02-2025T14:19:14 - [MESSAGE][INFO] - Finding web element with id: 'Object Repository/A_Version_Nawres/Page_ANEF_Connexion/Input_PasswordAgent' located by 'By.xpath: //*[@aria-labelledby="password-label"]|//*[@id="password"]' in '20' second(s)

12-02-2025T14:19:14 - [MESSAGE][INFO] - Found 1 web elements with id: 'Object Repository/A_Version_Nawres/Page_ANEF_Connexion/Input_PasswordAgent' located by 'By.xpath: //*[@aria-labelledby="password-label"]|//*[@id="password"]' in '20' second(s)

12-02-2025T14:19:14 - [MESSAGE][INFO] - Checking object

12-02-2025T14:19:14 - [MESSAGE][INFO] - Checking text

12-02-2025T14:19:14 - [MESSAGE][INFO] - Finding web element from Test Object's properties

12-02-2025T14:19:14 - [MESSAGE][INFO] - Checking timeout

12-02-2025T14:19:14 - [MESSAGE][INFO] - Finding web element with id: 'Object Repository/A_Version_Nawres/Page_ANEF_Connexion/Input_PasswordAgent' located by 'By.xpath: //*[@aria-labelledby="password-label"]|//*[@id="password"]' in '2' second(s)

12-02-2025T14:19:14 - [MESSAGE][INFO] - Found 1 web elements with id: 'Object Repository/A_Version_Nawres/Page_ANEF_Connexion/Input_PasswordAgent' located by 'By.xpath: //*[@aria-labelledby="password-label"]|//*[@id="password"]' in '2' second(s)

12-02-2025T14:19:14 - [MESSAGE][INFO] - Clearing text of object 'Object Repository/A_Version_Nawres/Page_ANEF_Connexion/Input_PasswordAgent'

12-02-2025T14:19:15 - [MESSAGE][INFO] - Finding web element from Test Object's properties

12-02-2025T14:19:15 - [MESSAGE][INFO] - Checking timeout

12-02-2025T14:19:15 - [MESSAGE][INFO] - Finding web element with id: 'Object Repository/A_Version_Nawres/Page_ANEF_Connexion/Input_PasswordAgent' located by 'By.xpath: //*[@aria-labelledby="password-label"]|//*[@id="password"]' in '2' second(s)

12-02-2025T14:19:15 - [MESSAGE][INFO] - Found 1 web elements with id: 'Object Repository/A_Version_Nawres/Page_ANEF_Connexion/Input_PasswordAgent' located by 'By.xpath: //*[@aria-labelledby="password-label"]|//*[@id="password"]' in '2' second(s)

12-02-2025T14:19:15 - [MESSAGE][INFO] - Setting text of object 'Object Repository/A_Version_Nawres/Page_ANEF_Connexion/Input_PasswordAgent' to value 'Natali12345!'

12-02-2025T14:19:16 - [MESSAGE][PASSED] - Text 'Natali12345!' is set on object 'Object Repository/A_Version_Nawres/Page_ANEF_Connexion/Input_PasswordAgent'

12-02-2025T14:19:16 - [TEST_STEP][PASSED] - click(findTestObject("Object Repository/A_Version_Nawres/Page_ANEF_Connexion/btn_Valider_Conx_Agent")): Object: 'Object Repository/A_Version_Nawres/Page_ANEF_Connexion/btn_Valider_Conx_Agent' is clicked on

12-02-2025T14:19:16 - [MESSAGE][INFO] - Finding Test Object 'Object Repository/A_Version_Nawres/Page_ANEF_Connexion/btn_Valider_Conx_Agent'

12-02-2025T14:19:16 - [MESSAGE][INFO] - Checking timeout

12-02-2025T14:19:16 - [MESSAGE][INFO] - Finding web element with id: 'Object Repository/A_Version_Nawres/Page_ANEF_Connexion/btn_Valider_Conx_Agent' located by 'By.xpath: //*[@label="Valider"]|//*[@id="btn-login"]' in '20' second(s)

12-02-2025T14:19:16 - [MESSAGE][INFO] - Found 1 web elements with id: 'Object Repository/A_Version_Nawres/Page_ANEF_Connexion/btn_Valider_Conx_Agent' located by 'By.xpath: //*[@label="Valider"]|//*[@id="btn-login"]' in '20' second(s)

12-02-2025T14:19:16 - [MESSAGE][INFO] - Checking object

12-02-2025T14:19:16 - [MESSAGE][INFO] - Checking timeout

12-02-2025T14:19:16 - [MESSAGE][INFO] - Finding web element from Test Object's properties

12-02-2025T14:19:16 - [MESSAGE][INFO] - Checking timeout

12-02-2025T14:19:16 - [MESSAGE][INFO] - Finding web element with id: 'Object Repository/A_Version_Nawres/Page_ANEF_Connexion/btn_Valider_Conx_Agent' located by 'By.xpath: //*[@label="Valider"]|//*[@id="btn-login"]' in '2' second(s)

12-02-2025T14:19:17 - [MESSAGE][INFO] - Found 1 web elements with id: 'Object Repository/A_Version_Nawres/Page_ANEF_Connexion/btn_Valider_Conx_Agent' located by 'By.xpath: //*[@label="Valider"]|//*[@id="btn-login"]' in '2' second(s)

12-02-2025T14:19:17 - [MESSAGE][INFO] - Clicking on object: 'Object Repository/A_Version_Nawres/Page_ANEF_Connexion/btn_Valider_Conx_Agent'

12-02-2025T14:19:18 - [MESSAGE][PASSED] - Object: 'Object Repository/A_Version_Nawres/Page_ANEF_Connexion/btn_Valider_Conx_Agent' is clicked on

12-02-2025T14:19:18 - [TEST_STEP][PASSED] - delay(5): Delayed 5 second(s)

12-02-2025T14:19:18 - [MESSAGE][INFO] - Delaying browser in 5 second(s)

12-02-2025T14:19:23 - [MESSAGE][PASSED] - Delayed 5 second(s)

12-02-2025T14:19:23 - [TEST_STEP][PASSED] - verifyElementPresent(findTestObject("Object Repository/A_Version_Nawres/Page_Accueil_Principale/btn_ANEF_Eloignement"), 1, STOP_ON_FAILURE): Object 'Object Repository/A_Version_Nawres/Page_Accueil_Principale/btn_ANEF_Eloignement' is present

12-02-2025T14:19:23 - [MESSAGE][INFO] - Finding Test Object 'Object Repository/A_Version_Nawres/Page_Accueil_Principale/btn_ANEF_Eloignement'

12-02-2025T14:19:23 - [MESSAGE][INFO] - Checking object

12-02-2025T14:19:23 - [MESSAGE][INFO] - Finding web element from Test Object's properties

12-02-2025T14:19:23 - [MESSAGE][INFO] - Checking timeout

12-02-2025T14:19:23 - [MESSAGE][INFO] - Finding web element with id: 'Object Repository/A_Version_Nawres/Page_Accueil_Principale/btn_ANEF_Eloignement' located by 'By.xpath: //span[contains(text()," ANEF éloignement ")]' in '1' second(s)

12-02-2025T14:19:23 - [MESSAGE][INFO] - Found 1 web elements with id: 'Object Repository/A_Version_Nawres/Page_Accueil_Principale/btn_ANEF_Eloignement' located by 'By.xpath: //span[contains(text()," ANEF éloignement ")]' in '1' second(s)

12-02-2025T14:19:23 - [MESSAGE][PASSED] - Object 'Object Repository/A_Version_Nawres/Page_Accueil_Principale/btn_ANEF_Eloignement' is present

12-02-2025T14:19:23 - [MESSAGE][PASSED] - Call Test Case 'Test Cases/Test Reutilisable/Main/AVersion_Nawres/ANEF_Identification' successfully

12-02-2025T14:19:23 - [TEST_STEP][PASSED] - callTestCase(findTestCase("Test Cases/Test Reutilisable/Main/AVersion_Nawres/ANEF_Creation_ou_Recherche_Dossier"), ["CreationOuRecherche":CreationOuRecherche], STOP_ON_FAILURE): Call Test Case 'Test Cases/Test Reutilisable/Main/AVersion_Nawres/ANEF_Creation_ou_Recherche_Dossier' successfully

12-02-2025T14:19:23 - [MESSAGE][INFO] - Checking called Test Case

12-02-2025T14:19:23 - [MESSAGE][INFO] - Starting to call Test Case 'Test Cases/Test Reutilisable/Main/AVersion_Nawres/ANEF_Creation_ou_Recherche_Dossier'

12-02-2025T14:19:23 - [TEST_CASE][PASSED] - Test Cases/Test Reutilisable/Main/AVersion_Nawres/ANEF_Creation_ou_Recherche_Dossier: Test Cases/Test Reutilisable/Main/AVersion_Nawres/ANEF_Creation_ou_Recherche_Dossier

12-02-2025T14:19:24 - [TEST_STEP][PASSED] - click(findTestObject("Object Repository/A_Version_Nawres/Page_Accueil_Principale/btn_ANEF_Eloignement")): Object: 'Object Repository/A_Version_Nawres/Page_Accueil_Principale/btn_ANEF_Eloignement' is clicked on

12-02-2025T14:19:24 - [MESSAGE][INFO] - Finding Test Object 'Object Repository/A_Version_Nawres/Page_Accueil_Principale/btn_ANEF_Eloignement'

12-02-2025T14:19:24 - [MESSAGE][INFO] - Checking timeout

12-02-2025T14:19:24 - [MESSAGE][INFO] - Finding web element with id: 'Object Repository/A_Version_Nawres/Page_Accueil_Principale/btn_ANEF_Eloignement' located by 'By.xpath: //span[contains(text()," ANEF éloignement ")]' in '20' second(s)

12-02-2025T14:19:24 - [MESSAGE][INFO] - Found 1 web elements with id: 'Object Repository/A_Version_Nawres/Page_Accueil_Principale/btn_ANEF_Eloignement' located by 'By.xpath: //span[contains(text()," ANEF éloignement ")]' in '20' second(s)

12-02-2025T14:19:24 - [MESSAGE][INFO] - Checking object

12-02-2025T14:19:24 - [MESSAGE][INFO] - Checking timeout

12-02-2025T14:19:24 - [MESSAGE][INFO] - Finding web element from Test Object's properties

12-02-2025T14:19:24 - [MESSAGE][INFO] - Checking timeout

12-02-2025T14:19:24 - [MESSAGE][INFO] - Finding web element with id: 'Object Repository/A_Version_Nawres/Page_Accueil_Principale/btn_ANEF_Eloignement' located by 'By.xpath: //span[contains(text()," ANEF éloignement ")]' in '2' second(s)

12-02-2025T14:19:24 - [MESSAGE][INFO] - Found 1 web elements with id: 'Object Repository/A_Version_Nawres/Page_Accueil_Principale/btn_ANEF_Eloignement' located by 'By.xpath: //span[contains(text()," ANEF éloignement ")]' in '2' second(s)

12-02-2025T14:19:24 - [MESSAGE][INFO] - Clicking on object: 'Object Repository/A_Version_Nawres/Page_Accueil_Principale/btn_ANEF_Eloignement'

12-02-2025T14:19:28 - [MESSAGE][PASSED] - Object: 'Object Repository/A_Version_Nawres/Page_Accueil_Principale/btn_ANEF_Eloignement' is clicked on

12-02-2025T14:19:28 - [TEST_STEP][PASSED] - verifyElementPresent(findTestObject("Object Repository/A_Version_Nawres/Page_Creation_ou_Recherche_Dossier/btn_Rechercher_Dossier"), 1, STOP_ON_FAILURE): Object 'Object Repository/A_Version_Nawres/Page_Creation_ou_Recherche_Dossier/btn_Rechercher_Dossier' is present

12-02-2025T14:19:28 - [MESSAGE][INFO] - Finding Test Object 'Object Repository/A_Version_Nawres/Page_Creation_ou_Recherche_Dossier/btn_Rechercher_Dossier'

12-02-2025T14:19:28 - [MESSAGE][INFO] - Checking object

12-02-2025T14:19:28 - [MESSAGE][INFO] - Finding web element from Test Object's properties

12-02-2025T14:19:28 - [MESSAGE][INFO] - Checking timeout

12-02-2025T14:19:28 - [MESSAGE][INFO] - Finding web element with id: 'Object Repository/A_Version_Nawres/Page_Creation_ou_Recherche_Dossier/btn_Rechercher_Dossier' located by 'By.xpath: //button[@title="Rechercher un dossier"]' in '1' second(s)

12-02-2025T14:19:28 - [MESSAGE][INFO] - Found 1 web elements with id: 'Object Repository/A_Version_Nawres/Page_Creation_ou_Recherche_Dossier/btn_Rechercher_Dossier' located by 'By.xpath: //button[@title="Rechercher un dossier"]' in '1' second(s)

12-02-2025T14:19:28 - [MESSAGE][PASSED] - Object 'Object Repository/A_Version_Nawres/Page_Creation_ou_Recherche_Dossier/btn_Rechercher_Dossier' is present

12-02-2025T14:19:28 - [TEST_STEP][PASSED] - delay(5): Delayed 5 second(s)

12-02-2025T14:19:28 - [MESSAGE][INFO] - Delaying browser in 5 second(s)

12-02-2025T14:19:33 - [MESSAGE][PASSED] - Delayed 5 second(s)

12-02-2025T14:19:33 - [TEST_STEP][PASSED] - if (CreationOuRecherche == "Creation"): Delayed 10 second(s)

12-02-2025T14:19:33 - [TEST_STEP][PASSED] - click(findTestObject("Object Repository/A_Version_Nawres/Page_Creation_ou_Recherche_Dossier/btn_Rechercher_Dossier")): Object: 'Object Repository/A_Version_Nawres/Page_Creation_ou_Recherche_Dossier/btn_Rechercher_Dossier' is clicked on

12-02-2025T14:19:33 - [MESSAGE][INFO] - Finding Test Object 'Object Repository/A_Version_Nawres/Page_Creation_ou_Recherche_Dossier/btn_Rechercher_Dossier'

12-02-2025T14:19:33 - [MESSAGE][INFO] - Checking timeout

12-02-2025T14:19:33 - [MESSAGE][INFO] - Finding web element with id: 'Object Repository/A_Version_Nawres/Page_Creation_ou_Recherche_Dossier/btn_Rechercher_Dossier' located by 'By.xpath: //button[@title="Rechercher un dossier"]' in '20' second(s)

12-02-2025T14:19:33 - [MESSAGE][INFO] - Found 1 web elements with id: 'Object Repository/A_Version_Nawres/Page_Creation_ou_Recherche_Dossier/btn_Rechercher_Dossier' located by 'By.xpath: //button[@title="Rechercher un dossier"]' in '20' second(s)

12-02-2025T14:19:33 - [MESSAGE][INFO] - Checking object

12-02-2025T14:19:33 - [MESSAGE][INFO] - Checking timeout

12-02-2025T14:19:33 - [MESSAGE][INFO] - Finding web element from Test Object's properties

12-02-2025T14:19:33 - [MESSAGE][INFO] - Checking timeout

12-02-2025T14:19:33 - [MESSAGE][INFO] - Finding web element with id: 'Object Repository/A_Version_Nawres/Page_Creation_ou_Recherche_Dossier/btn_Rechercher_Dossier' located by 'By.xpath: //button[@title="Rechercher un dossier"]' in '2' second(s)

12-02-2025T14:19:33 - [MESSAGE][INFO] - Found 1 web elements with id: 'Object Repository/A_Version_Nawres/Page_Creation_ou_Recherche_Dossier/btn_Rechercher_Dossier' located by 'By.xpath: //button[@title="Rechercher un dossier"]' in '2' second(s)

12-02-2025T14:19:33 - [MESSAGE][INFO] - Clicking on object: 'Object Repository/A_Version_Nawres/Page_Creation_ou_Recherche_Dossier/btn_Rechercher_Dossier'

12-02-2025T14:19:34 - [MESSAGE][PASSED] - Object: 'Object Repository/A_Version_Nawres/Page_Creation_ou_Recherche_Dossier/btn_Rechercher_Dossier' is clicked on

12-02-2025T14:19:34 - [TEST_STEP][PASSED] - NumberUsagerRandom = tools.MyStringTools.getRandomNumber(100000000, 9999999999): tools.MyStringTools.getRandomNumber is PASSED

12-02-2025T14:19:34 - [MESSAGE][PASSED] - tools.MyStringTools.getRandomNumber is PASSED

12-02-2025T14:19:34 - [TEST_STEP][PASSED] - println(NumberUsagerRandom): null

12-02-2025T14:19:34 - [TEST_STEP][PASSED] - NumberUsager = NumberUsagerRandom.toString(): null

12-02-2025T14:19:34 - [TEST_STEP][PASSED] - setText(findTestObject("Object Repository/A_Version_Nawres/Page_Creation_ou_Recherche_Dossier/Input_Numero_etranger"), NumberUsager, STOP_ON_FAILURE): Text '6301890285' is set on object 'Object Repository/A_Version_Nawres/Page_Creation_ou_Recherche_Dossier/Input_Numero_etranger'

12-02-2025T14:19:34 - [MESSAGE][INFO] - Finding Test Object 'Object Repository/A_Version_Nawres/Page_Creation_ou_Recherche_Dossier/Input_Numero_etranger'

12-02-2025T14:19:34 - [MESSAGE][INFO] - Checking timeout

12-02-2025T14:19:34 - [MESSAGE][INFO] - Finding web element with id: 'Object Repository/A_Version_Nawres/Page_Creation_ou_Recherche_Dossier/Input_Numero_etranger' located by 'By.xpath: //app-identite-declaree-search-box//div/app-dsfr-input/div/input[@id="identifiant_agdref"]|//app-search-box//div/app-dsfr-input/div/input[@id="identifiant_agdref"]' in '20' second(s)

12-02-2025T14:19:34 - [MESSAGE][INFO] - Found 1 web elements with id: 'Object Repository/A_Version_Nawres/Page_Creation_ou_Recherche_Dossier/Input_Numero_etranger' located by 'By.xpath: //app-identite-declaree-search-box//div/app-dsfr-input/div/input[@id="identifiant_agdref"]|//app-search-box//div/app-dsfr-input/div/input[@id="identifiant_agdref"]' in '20' second(s)

12-02-2025T14:19:34 - [MESSAGE][INFO] - Checking object

12-02-2025T14:19:34 - [MESSAGE][INFO] - Checking text

12-02-2025T14:19:34 - [MESSAGE][INFO] - Finding web element from Test Object's properties

12-02-2025T14:19:34 - [MESSAGE][INFO] - Checking timeout

12-02-2025T14:19:34 - [MESSAGE][INFO] - Finding web element with id: 'Object Repository/A_Version_Nawres/Page_Creation_ou_Recherche_Dossier/Input_Numero_etranger' located by 'By.xpath: //app-identite-declaree-search-box//div/app-dsfr-input/div/input[@id="identifiant_agdref"]|//app-search-box//div/app-dsfr-input/div/input[@id="identifiant_agdref"]' in '2' second(s)

12-02-2025T14:19:34 - [MESSAGE][INFO] - Found 1 web elements with id: 'Object Repository/A_Version_Nawres/Page_Creation_ou_Recherche_Dossier/Input_Numero_etranger' located by 'By.xpath: //app-identite-declaree-search-box//div/app-dsfr-input/div/input[@id="identifiant_agdref"]|//app-search-box//div/app-dsfr-input/div/input[@id="identifiant_agdref"]' in '2' second(s)

12-02-2025T14:19:34 - [MESSAGE][INFO] - Clearing text of object 'Object Repository/A_Version_Nawres/Page_Creation_ou_Recherche_Dossier/Input_Numero_etranger'

12-02-2025T14:19:35 - [MESSAGE][INFO] - Finding web element from Test Object's properties

12-02-2025T14:19:35 - [MESSAGE][INFO] - Checking timeout

12-02-2025T14:19:35 - [MESSAGE][INFO] - Finding web element with id: 'Object Repository/A_Version_Nawres/Page_Creation_ou_Recherche_Dossier/Input_Numero_etranger' located by 'By.xpath: //app-identite-declaree-search-box//div/app-dsfr-input/div/input[@id="identifiant_agdref"]|//app-search-box//div/app-dsfr-input/div/input[@id="identifiant_agdref"]' in '2' second(s)

12-02-2025T14:19:35 - [MESSAGE][INFO] - Found 1 web elements with id: 'Object Repository/A_Version_Nawres/Page_Creation_ou_Recherche_Dossier/Input_Numero_etranger' located by 'By.xpath: //app-identite-declaree-search-box//div/app-dsfr-input/div/input[@id="identifiant_agdref"]|//app-search-box//div/app-dsfr-input/div/input[@id="identifiant_agdref"]' in '2' second(s)

12-02-2025T14:19:35 - [MESSAGE][INFO] - Setting text of object 'Object Repository/A_Version_Nawres/Page_Creation_ou_Recherche_Dossier/Input_Numero_etranger' to value '6301890285'

12-02-2025T14:19:37 - [MESSAGE][PASSED] - Text '6301890285' is set on object 'Object Repository/A_Version_Nawres/Page_Creation_ou_Recherche_Dossier/Input_Numero_etranger'

12-02-2025T14:19:37 - [TEST_STEP][PASSED] - click(findTestObject("Object Repository/A_Version_Nawres/Page_Creation_ou_Recherche_Dossier/Input_Numero_etranger"), STOP_ON_FAILURE): Object: 'Object Repository/A_Version_Nawres/Page_Creation_ou_Recherche_Dossier/Input_Numero_etranger' is clicked on

12-02-2025T14:19:37 - [MESSAGE][INFO] - Finding Test Object 'Object Repository/A_Version_Nawres/Page_Creation_ou_Recherche_Dossier/Input_Numero_etranger'

12-02-2025T14:19:37 - [MESSAGE][INFO] - Checking timeout

12-02-2025T14:19:37 - [MESSAGE][INFO] - Finding web element with id: 'Object Repository/A_Version_Nawres/Page_Creation_ou_Recherche_Dossier/Input_Numero_etranger' located by 'By.xpath: //app-identite-declaree-search-box//div/app-dsfr-input/div/input[@id="identifiant_agdref"]|//app-search-box//div/app-dsfr-input/div/input[@id="identifiant_agdref"]' in '20' second(s)

12-02-2025T14:19:37 - [MESSAGE][INFO] - Found 1 web elements with id: 'Object Repository/A_Version_Nawres/Page_Creation_ou_Recherche_Dossier/Input_Numero_etranger' located by 'By.xpath: //app-identite-declaree-search-box//div/app-dsfr-input/div/input[@id="identifiant_agdref"]|//app-search-box//div/app-dsfr-input/div/input[@id="identifiant_agdref"]' in '20' second(s)

12-02-2025T14:19:37 - [MESSAGE][INFO] - Checking object

12-02-2025T14:19:37 - [MESSAGE][INFO] - Checking timeout

12-02-2025T14:19:37 - [MESSAGE][INFO] - Finding web element from Test Object's properties

12-02-2025T14:19:37 - [MESSAGE][INFO] - Checking timeout

12-02-2025T14:19:37 - [MESSAGE][INFO] - Finding web element with id: 'Object Repository/A_Version_Nawres/Page_Creation_ou_Recherche_Dossier/Input_Numero_etranger' located by 'By.xpath: //app-identite-declaree-search-box//div/app-dsfr-input/div/input[@id="identifiant_agdref"]|//app-search-box//div/app-dsfr-input/div/input[@id="identifiant_agdref"]' in '2' second(s)

12-02-2025T14:19:37 - [MESSAGE][INFO] - Found 1 web elements with id: 'Object Repository/A_Version_Nawres/Page_Creation_ou_Recherche_Dossier/Input_Numero_etranger' located by 'By.xpath: //app-identite-declaree-search-box//div/app-dsfr-input/div/input[@id="identifiant_agdref"]|//app-search-box//div/app-dsfr-input/div/input[@id="identifiant_agdref"]' in '2' second(s)

12-02-2025T14:19:37 - [MESSAGE][INFO] - Clicking on object: 'Object Repository/A_Version_Nawres/Page_Creation_ou_Recherche_Dossier/Input_Numero_etranger'

12-02-2025T14:19:38 - [MESSAGE][PASSED] - Object: 'Object Repository/A_Version_Nawres/Page_Creation_ou_Recherche_Dossier/Input_Numero_etranger' is clicked on

12-02-2025T14:19:38 - [TEST_STEP][PASSED] - scrollToElement(findTestObject("Object Repository/A_Version_Nawres/Page_Creation_ou_Recherche_Dossier/btn_Lancer_La_Recherche"), 5, STOP_ON_FAILURE): Scroll to object 'Object Repository/A_Version_Nawres/Page_Creation_ou_Recherche_Dossier/btn_Lancer_La_Recherche' successfully

12-02-2025T14:19:38 - [MESSAGE][INFO] - Finding Test Object 'Object Repository/A_Version_Nawres/Page_Creation_ou_Recherche_Dossier/btn_Lancer_La_Recherche'

12-02-2025T14:19:38 - [MESSAGE][INFO] - Checking object

12-02-2025T14:19:38 - [MESSAGE][INFO] - Checking timeout

12-02-2025T14:19:38 - [MESSAGE][INFO] - Finding web element from Test Object's properties

12-02-2025T14:19:38 - [MESSAGE][INFO] - Checking timeout

12-02-2025T14:19:38 - [MESSAGE][INFO] - Finding web element with id: 'Object Repository/A_Version_Nawres/Page_Creation_ou_Recherche_Dossier/btn_Lancer_La_Recherche' located by 'By.xpath: //button[contains(text(),"Lancer la recherche ")]' in '2' second(s)

12-02-2025T14:19:38 - [MESSAGE][INFO] - Found 1 web elements with id: 'Object Repository/A_Version_Nawres/Page_Creation_ou_Recherche_Dossier/btn_Lancer_La_Recherche' located by 'By.xpath: //button[contains(text(),"Lancer la recherche ")]' in '2' second(s)

12-02-2025T14:19:38 - [MESSAGE][INFO] - Scrolling to object 'Object Repository/A_Version_Nawres/Page_Creation_ou_Recherche_Dossier/btn_Lancer_La_Recherche'

12-02-2025T14:19:38 - [MESSAGE][PASSED] - Scroll to object 'Object Repository/A_Version_Nawres/Page_Creation_ou_Recherche_Dossier/btn_Lancer_La_Recherche' successfully

12-02-2025T14:19:38 - [TEST_STEP][PASSED] - click(findTestObject("Object Repository/A_Version_Nawres/Page_Creation_ou_Recherche_Dossier/btn_Lancer_La_Recherche"), STOP_ON_FAILURE): Object: 'Object Repository/A_Version_Nawres/Page_Creation_ou_Recherche_Dossier/btn_Lancer_La_Recherche' is clicked on

12-02-2025T14:19:38 - [MESSAGE][INFO] - Finding Test Object 'Object Repository/A_Version_Nawres/Page_Creation_ou_Recherche_Dossier/btn_Lancer_La_Recherche'

12-02-2025T14:19:38 - [MESSAGE][INFO] - Checking timeout

12-02-2025T14:19:38 - [MESSAGE][INFO] - Finding web element with id: 'Object Repository/A_Version_Nawres/Page_Creation_ou_Recherche_Dossier/btn_Lancer_La_Recherche' located by 'By.xpath: //button[contains(text(),"Lancer la recherche ")]' in '20' second(s)

12-02-2025T14:19:38 - [MESSAGE][INFO] - Found 1 web elements with id: 'Object Repository/A_Version_Nawres/Page_Creation_ou_Recherche_Dossier/btn_Lancer_La_Recherche' located by 'By.xpath: //button[contains(text(),"Lancer la recherche ")]' in '20' second(s)

12-02-2025T14:19:38 - [MESSAGE][INFO] - Checking object

12-02-2025T14:19:38 - [MESSAGE][INFO] - Checking timeout

12-02-2025T14:19:38 - [MESSAGE][INFO] - Finding web element from Test Object's properties

12-02-2025T14:19:38 - [MESSAGE][INFO] - Checking timeout

12-02-2025T14:19:38 - [MESSAGE][INFO] - Finding web element with id: 'Object Repository/A_Version_Nawres/Page_Creation_ou_Recherche_Dossier/btn_Lancer_La_Recherche' located by 'By.xpath: //button[contains(text(),"Lancer la recherche ")]' in '2' second(s)

12-02-2025T14:19:38 - [MESSAGE][INFO] - Found 1 web elements with id: 'Object Repository/A_Version_Nawres/Page_Creation_ou_Recherche_Dossier/btn_Lancer_La_Recherche' located by 'By.xpath: //button[contains(text(),"Lancer la recherche ")]' in '2' second(s)

12-02-2025T14:19:38 - [MESSAGE][INFO] - Clicking on object: 'Object Repository/A_Version_Nawres/Page_Creation_ou_Recherche_Dossier/btn_Lancer_La_Recherche'

12-02-2025T14:19:39 - [MESSAGE][PASSED] - Object: 'Object Repository/A_Version_Nawres/Page_Creation_ou_Recherche_Dossier/btn_Lancer_La_Recherche' is clicked on

12-02-2025T14:19:39 - [TEST_STEP][PASSED] - delay(10): Delayed 10 second(s)

12-02-2025T14:19:39 - [MESSAGE][INFO] - Delaying browser in 10 second(s)

12-02-2025T14:19:49 - [MESSAGE][PASSED] - Delayed 10 second(s)

12-02-2025T14:19:49 - [TEST_STEP][PASSED] - scrollToElement(findTestObject("Object Repository/A_Version_Nawres/Page_Creation_ou_Recherche_Dossier/btn_Aucune_Correspondance"), 5, STOP_ON_FAILURE): Scroll to object 'Object Repository/A_Version_Nawres/Page_Creation_ou_Recherche_Dossier/btn_Aucune_Correspondance' successfully

12-02-2025T14:19:49 - [MESSAGE][INFO] - Finding Test Object 'Object Repository/A_Version_Nawres/Page_Creation_ou_Recherche_Dossier/btn_Aucune_Correspondance'

12-02-2025T14:19:49 - [MESSAGE][INFO] - Checking object

12-02-2025T14:19:49 - [MESSAGE][INFO] - Checking timeout

12-02-2025T14:19:49 - [MESSAGE][INFO] - Finding web element from Test Object's properties

12-02-2025T14:19:49 - [MESSAGE][INFO] - Checking timeout

12-02-2025T14:19:49 - [MESSAGE][INFO] - Finding web element with id: 'Object Repository/A_Version_Nawres/Page_Creation_ou_Recherche_Dossier/btn_Aucune_Correspondance' located by 'By.xpath: //button[contains(text()," Aucune correspondance")]' in '2' second(s)

12-02-2025T14:19:49 - [MESSAGE][INFO] - Found 1 web elements with id: 'Object Repository/A_Version_Nawres/Page_Creation_ou_Recherche_Dossier/btn_Aucune_Correspondance' located by 'By.xpath: //button[contains(text()," Aucune correspondance")]' in '2' second(s)

12-02-2025T14:19:49 - [MESSAGE][INFO] - Scrolling to object 'Object Repository/A_Version_Nawres/Page_Creation_ou_Recherche_Dossier/btn_Aucune_Correspondance'

12-02-2025T14:19:49 - [MESSAGE][PASSED] - Scroll to object 'Object Repository/A_Version_Nawres/Page_Creation_ou_Recherche_Dossier/btn_Aucune_Correspondance' successfully

12-02-2025T14:19:49 - [TEST_STEP][PASSED] - click(findTestObject("Object Repository/A_Version_Nawres/Page_Creation_ou_Recherche_Dossier/btn_Aucune_Correspondance"), STOP_ON_FAILURE): Object: 'Object Repository/A_Version_Nawres/Page_Creation_ou_Recherche_Dossier/btn_Aucune_Correspondance' is clicked on

12-02-2025T14:19:49 - [MESSAGE][INFO] - Finding Test Object 'Object Repository/A_Version_Nawres/Page_Creation_ou_Recherche_Dossier/btn_Aucune_Correspondance'

12-02-2025T14:19:49 - [MESSAGE][INFO] - Checking timeout

12-02-2025T14:19:49 - [MESSAGE][INFO] - Finding web element with id: 'Object Repository/A_Version_Nawres/Page_Creation_ou_Recherche_Dossier/btn_Aucune_Correspondance' located by 'By.xpath: //button[contains(text()," Aucune correspondance")]' in '20' second(s)

12-02-2025T14:19:49 - [MESSAGE][INFO] - Found 1 web elements with id: 'Object Repository/A_Version_Nawres/Page_Creation_ou_Recherche_Dossier/btn_Aucune_Correspondance' located by 'By.xpath: //button[contains(text()," Aucune correspondance")]' in '20' second(s)

12-02-2025T14:19:49 - [MESSAGE][INFO] - Checking object

12-02-2025T14:19:49 - [MESSAGE][INFO] - Checking timeout

12-02-2025T14:19:49 - [MESSAGE][INFO] - Finding web element from Test Object's properties

12-02-2025T14:19:49 - [MESSAGE][INFO] - Checking timeout

12-02-2025T14:19:49 - [MESSAGE][INFO] - Finding web element with id: 'Object Repository/A_Version_Nawres/Page_Creation_ou_Recherche_Dossier/btn_Aucune_Correspondance' located by 'By.xpath: //button[contains(text()," Aucune correspondance")]' in '2' second(s)

12-02-2025T14:19:49 - [MESSAGE][INFO] - Found 1 web elements with id: 'Object Repository/A_Version_Nawres/Page_Creation_ou_Recherche_Dossier/btn_Aucune_Correspondance' located by 'By.xpath: //button[contains(text()," Aucune correspondance")]' in '2' second(s)

12-02-2025T14:19:49 - [MESSAGE][INFO] - Clicking on object: 'Object Repository/A_Version_Nawres/Page_Creation_ou_Recherche_Dossier/btn_Aucune_Correspondance'

12-02-2025T14:19:51 - [MESSAGE][PASSED] - Object: 'Object Repository/A_Version_Nawres/Page_Creation_ou_Recherche_Dossier/btn_Aucune_Correspondance' is clicked on

12-02-2025T14:19:51 - [TEST_STEP][PASSED] - click(findTestObject("Object Repository/A_Version_Nawres/Page_Creation_ou_Recherche_Dossier/btn_Creer_Un_Dossier_Etranger"), STOP_ON_FAILURE): Object: 'Object Repository/A_Version_Nawres/Page_Creation_ou_Recherche_Dossier/btn_Creer_Un_Dossier_Etranger' is clicked on

12-02-2025T14:19:51 - [MESSAGE][INFO] - Finding Test Object 'Object Repository/A_Version_Nawres/Page_Creation_ou_Recherche_Dossier/btn_Creer_Un_Dossier_Etranger'

12-02-2025T14:19:51 - [MESSAGE][INFO] - Checking timeout

12-02-2025T14:19:51 - [MESSAGE][INFO] - Finding web element with id: 'Object Repository/A_Version_Nawres/Page_Creation_ou_Recherche_Dossier/btn_Creer_Un_Dossier_Etranger' located by 'By.xpath: //button[contains(text()," Créer un dossier étranger ")]' in '20' second(s)

12-02-2025T14:19:51 - [MESSAGE][INFO] - Found 1 web elements with id: 'Object Repository/A_Version_Nawres/Page_Creation_ou_Recherche_Dossier/btn_Creer_Un_Dossier_Etranger' located by 'By.xpath: //button[contains(text()," Créer un dossier étranger ")]' in '20' second(s)

12-02-2025T14:19:51 - [MESSAGE][INFO] - Checking object

12-02-2025T14:19:51 - [MESSAGE][INFO] - Checking timeout

12-02-2025T14:19:51 - [MESSAGE][INFO] - Finding web element from Test Object's properties

12-02-2025T14:19:51 - [MESSAGE][INFO] - Checking timeout

12-02-2025T14:19:51 - [MESSAGE][INFO] - Finding web element with id: 'Object Repository/A_Version_Nawres/Page_Creation_ou_Recherche_Dossier/btn_Creer_Un_Dossier_Etranger' located by 'By.xpath: //button[contains(text()," Créer un dossier étranger ")]' in '2' second(s)

12-02-2025T14:19:51 - [MESSAGE][INFO] - Found 1 web elements with id: 'Object Repository/A_Version_Nawres/Page_Creation_ou_Recherche_Dossier/btn_Creer_Un_Dossier_Etranger' located by 'By.xpath: //button[contains(text()," Créer un dossier étranger ")]' in '2' second(s)

12-02-2025T14:19:51 - [MESSAGE][INFO] - Clicking on object: 'Object Repository/A_Version_Nawres/Page_Creation_ou_Recherche_Dossier/btn_Creer_Un_Dossier_Etranger'

12-02-2025T14:19:52 - [MESSAGE][PASSED] - Object: 'Object Repository/A_Version_Nawres/Page_Creation_ou_Recherche_Dossier/btn_Creer_Un_Dossier_Etranger' is clicked on

12-02-2025T14:19:52 - [TEST_STEP][PASSED] - delay(10): Delayed 10 second(s)

12-02-2025T14:19:52 - [MESSAGE][INFO] - Delaying browser in 10 second(s)

12-02-2025T14:20:02 - [MESSAGE][PASSED] - Delayed 10 second(s)

12-02-2025T14:20:02 - [MESSAGE][PASSED] - Call Test Case 'Test Cases/Test Reutilisable/Main/AVersion_Nawres/ANEF_Creation_ou_Recherche_Dossier' successfully

12-02-2025T14:20:02 - [TEST_STEP][PASSED] - if (CreationOuRecherche == "Creation"): Call Test Case 'Test Cases/Test Reutilisable/Main/AVersion_Nawres/ANEF_Formulaire_Creation_Dossier' successfully

12-02-2025T14:20:02 - [TEST_STEP][PASSED] - callTestCase(findTestCase("Test Cases/Test Reutilisable/Main/AVersion_Nawres/ANEF_Formulaire_Creation_Dossier"), ["CreationOuRecherche":CreationOuRecherche, "Sexe":Sexe, "AnneeNaissance":AnneeNaissance, "Nationnalite":Nationnalite, "OrigineDossier":OrigineDossier, ... ], STOP_ON_FAILURE): Call Test Case 'Test Cases/Test Reutilisable/Main/AVersion_Nawres/ANEF_Formulaire_Creation_Dossier' successfully

12-02-2025T14:20:02 - [MESSAGE][INFO] - Checking called Test Case

12-02-2025T14:20:02 - [MESSAGE][INFO] - Starting to call Test Case 'Test Cases/Test Reutilisable/Main/AVersion_Nawres/ANEF_Formulaire_Creation_Dossier'

12-02-2025T14:20:02 - [TEST_CASE][PASSED] - Test Cases/Test Reutilisable/Main/AVersion_Nawres/ANEF_Formulaire_Creation_Dossier: Test Cases/Test Reutilisable/Main/AVersion_Nawres/ANEF_Formulaire_Creation_Dossier

12-02-2025T14:20:03 - [TEST_STEP][PASSED] - "Onglet 'Dossier etranger'": null

12-02-2025T14:20:03 - [TEST_STEP][PASSED] - verifyElementPresent(findTestObject("Object Repository/A_Version_Nawres/Page_Formulaire_Creation_Dossier/Onglet_Dossier_Etranger"), 1, STOP_ON_FAILURE): Object 'Object Repository/A_Version_Nawres/Page_Formulaire_Creation_Dossier/Onglet_Dossier_Etranger' is present

12-02-2025T14:20:03 - [MESSAGE][INFO] - Finding Test Object 'Object Repository/A_Version_Nawres/Page_Formulaire_Creation_Dossier/Onglet_Dossier_Etranger'

12-02-2025T14:20:03 - [MESSAGE][INFO] - Checking object

12-02-2025T14:20:03 - [MESSAGE][INFO] - Finding web element from Test Object's properties

12-02-2025T14:20:03 - [MESSAGE][INFO] - Checking timeout

12-02-2025T14:20:03 - [MESSAGE][INFO] - Finding web element with id: 'Object Repository/A_Version_Nawres/Page_Formulaire_Creation_Dossier/Onglet_Dossier_Etranger' located by 'By.xpath: /html/body/app-root/app-layout-borderless/div[3]/app-prise-mesure/div/app-dsfr-onglet-tab/div/ul/li[1]/button' in '1' second(s)

12-02-2025T14:20:03 - [MESSAGE][INFO] - Found 1 web elements with id: 'Object Repository/A_Version_Nawres/Page_Formulaire_Creation_Dossier/Onglet_Dossier_Etranger' located by 'By.xpath: /html/body/app-root/app-layout-borderless/div[3]/app-prise-mesure/div/app-dsfr-onglet-tab/div/ul/li[1]/button' in '1' second(s)

12-02-2025T14:20:03 - [MESSAGE][PASSED] - Object 'Object Repository/A_Version_Nawres/Page_Formulaire_Creation_Dossier/Onglet_Dossier_Etranger' is present

12-02-2025T14:20:03 - [TEST_STEP][PASSED] - verifyElementPresent(findTestObject("Object Repository/A_Version_Nawres/Page_Formulaire_Creation_Dossier/Formulaire_Creation_Dossier_Accordeon/lbl_Numero_Etranger"), 1, STOP_ON_FAILURE): Object 'Object Repository/A_Version_Nawres/Page_Formulaire_Creation_Dossier/Formulaire_Creation_Dossier_Accordeon/lbl_Numero_Etranger' is present

12-02-2025T14:20:03 - [MESSAGE][INFO] - Finding Test Object 'Object Repository/A_Version_Nawres/Page_Formulaire_Creation_Dossier/Formulaire_Creation_Dossier_Accordeon/lbl_Numero_Etranger'

12-02-2025T14:20:03 - [MESSAGE][INFO] - Checking object

12-02-2025T14:20:03 - [MESSAGE][INFO] - Finding web element from Test Object's properties

12-02-2025T14:20:03 - [MESSAGE][INFO] - Checking timeout

12-02-2025T14:20:03 - [MESSAGE][INFO] - Finding web element with id: 'Object Repository/A_Version_Nawres/Page_Formulaire_Creation_Dossier/Formulaire_Creation_Dossier_Accordeon/lbl_Numero_Etranger' located by 'By.xpath: /html/body/app-root/app-layout-borderless/div[3]/app-prise-mesure/div/app-dsfr-onglet-tab/div/div[1]/app-fiche-etranger/div/div[2]/section[1]/div/div/div[1]/label' in '1' second(s)

12-02-2025T14:20:03 - [MESSAGE][INFO] - Found 1 web elements with id: 'Object Repository/A_Version_Nawres/Page_Formulaire_Creation_Dossier/Formulaire_Creation_Dossier_Accordeon/lbl_Numero_Etranger' located by 'By.xpath: /html/body/app-root/app-layout-borderless/div[3]/app-prise-mesure/div/app-dsfr-onglet-tab/div/div[1]/app-fiche-etranger/div/div[2]/section[1]/div/div/div[1]/label' in '1' second(s)

12-02-2025T14:20:03 - [MESSAGE][PASSED] - Object 'Object Repository/A_Version_Nawres/Page_Formulaire_Creation_Dossier/Formulaire_Creation_Dossier_Accordeon/lbl_Numero_Etranger' is present

12-02-2025T14:20:03 - [TEST_STEP][PASSED] - verifyElementPresent(findTestObject("Object Repository/A_Version_Nawres/Page_Formulaire_Creation_Dossier/Formulaire_Creation_Dossier_Accordeon/lbl_Prefecture_Gestionnaire"), 1, STOP_ON_FAILURE): Object 'Object Repository/A_Version_Nawres/Page_Formulaire_Creation_Dossier/Formulaire_Creation_Dossier_Accordeon/lbl_Prefecture_Gestionnaire' is present

12-02-2025T14:20:03 - [MESSAGE][INFO] - Finding Test Object 'Object Repository/A_Version_Nawres/Page_Formulaire_Creation_Dossier/Formulaire_Creation_Dossier_Accordeon/lbl_Prefecture_Gestionnaire'

12-02-2025T14:20:03 - [MESSAGE][INFO] - Checking object

12-02-2025T14:20:03 - [MESSAGE][INFO] - Finding web element from Test Object's properties

12-02-2025T14:20:03 - [MESSAGE][INFO] - Checking timeout

12-02-2025T14:20:03 - [MESSAGE][INFO] - Finding web element with id: 'Object Repository/A_Version_Nawres/Page_Formulaire_Creation_Dossier/Formulaire_Creation_Dossier_Accordeon/lbl_Prefecture_Gestionnaire' located by 'By.xpath: /html/body/app-root/app-layout-borderless/div[3]/app-prise-mesure/div/app-dsfr-onglet-tab/div/div[1]/app-fiche-etranger/div/div[2]/section[1]/div/div/div[2]/label' in '1' second(s)

12-02-2025T14:20:03 - [MESSAGE][INFO] - Found 1 web elements with id: 'Object Repository/A_Version_Nawres/Page_Formulaire_Creation_Dossier/Formulaire_Creation_Dossier_Accordeon/lbl_Prefecture_Gestionnaire' located by 'By.xpath: /html/body/app-root/app-layout-borderless/div[3]/app-prise-mesure/div/app-dsfr-onglet-tab/div/div[1]/app-fiche-etranger/div/div[2]/section[1]/div/div/div[2]/label' in '1' second(s)

12-02-2025T14:20:03 - [MESSAGE][PASSED] - Object 'Object Repository/A_Version_Nawres/Page_Formulaire_Creation_Dossier/Formulaire_Creation_Dossier_Accordeon/lbl_Prefecture_Gestionnaire' is present

12-02-2025T14:20:03 - [TEST_STEP][PASSED] - verifyElementPresent(findTestObject("Object Repository/A_Version_Nawres/Page_Formulaire_Creation_Dossier/Formulaire_Creation_Dossier_Accordeon/lbl_Derniere_Modification"), 1, STOP_ON_FAILURE): Object 'Object Repository/A_Version_Nawres/Page_Formulaire_Creation_Dossier/Formulaire_Creation_Dossier_Accordeon/lbl_Derniere_Modification' is present

12-02-2025T14:20:03 - [MESSAGE][INFO] - Finding Test Object 'Object Repository/A_Version_Nawres/Page_Formulaire_Creation_Dossier/Formulaire_Creation_Dossier_Accordeon/lbl_Derniere_Modification'

12-02-2025T14:20:03 - [MESSAGE][INFO] - Checking object

12-02-2025T14:20:03 - [MESSAGE][INFO] - Finding web element from Test Object's properties

12-02-2025T14:20:03 - [MESSAGE][INFO] - Checking timeout

12-02-2025T14:20:03 - [MESSAGE][INFO] - Finding web element with id: 'Object Repository/A_Version_Nawres/Page_Formulaire_Creation_Dossier/Formulaire_Creation_Dossier_Accordeon/lbl_Derniere_Modification' located by 'By.xpath: /html/body/app-root/app-layout-borderless/div[3]/app-prise-mesure/div/app-dsfr-onglet-tab/div/div[1]/app-fiche-etranger/div/div[2]/section[1]/div/div/div[3]/label' in '1' second(s)

12-02-2025T14:20:03 - [MESSAGE][INFO] - Found 1 web elements with id: 'Object Repository/A_Version_Nawres/Page_Formulaire_Creation_Dossier/Formulaire_Creation_Dossier_Accordeon/lbl_Derniere_Modification' located by 'By.xpath: /html/body/app-root/app-layout-borderless/div[3]/app-prise-mesure/div/app-dsfr-onglet-tab/div/div[1]/app-fiche-etranger/div/div[2]/section[1]/div/div/div[3]/label' in '1' second(s)

12-02-2025T14:20:03 - [MESSAGE][PASSED] - Object 'Object Repository/A_Version_Nawres/Page_Formulaire_Creation_Dossier/Formulaire_Creation_Dossier_Accordeon/lbl_Derniere_Modification' is present

12-02-2025T14:20:03 - [TEST_STEP][PASSED] - verifyElementPresent(findTestObject("Object Repository/A_Version_Nawres/Page_Formulaire_Creation_Dossier/Formulaire_Creation_Dossier_Accordeon/Acc_ Reference_Du_Dossier"), 1, STOP_ON_FAILURE): Object 'Object Repository/A_Version_Nawres/Page_Formulaire_Creation_Dossier/Formulaire_Creation_Dossier_Accordeon/Acc_ Reference_Du_Dossier' is present

12-02-2025T14:20:03 - [MESSAGE][INFO] - Finding Test Object 'Object Repository/A_Version_Nawres/Page_Formulaire_Creation_Dossier/Formulaire_Creation_Dossier_Accordeon/Acc_ Reference_Du_Dossier'

12-02-2025T14:20:04 - [MESSAGE][INFO] - Checking object

12-02-2025T14:20:04 - [MESSAGE][INFO] - Finding web element from Test Object's properties

12-02-2025T14:20:04 - [MESSAGE][INFO] - Checking timeout

12-02-2025T14:20:04 - [MESSAGE][INFO] - Finding web element with id: 'Object Repository/A_Version_Nawres/Page_Formulaire_Creation_Dossier/Formulaire_Creation_Dossier_Accordeon/Acc_ Reference_Du_Dossier' located by 'By.xpath: /html/body/app-root/app-layout-borderless/div[3]/app-prise-mesure/div/app-dsfr-onglet-tab/div/div[1]/app-fiche-etranger/div/div[2]/section[2]/div[1]/app-accordeon-reference-dossier/section/h3/button' in '1' second(s)

12-02-2025T14:20:04 - [MESSAGE][INFO] - Found 1 web elements with id: 'Object Repository/A_Version_Nawres/Page_Formulaire_Creation_Dossier/Formulaire_Creation_Dossier_Accordeon/Acc_ Reference_Du_Dossier' located by 'By.xpath: /html/body/app-root/app-layout-borderless/div[3]/app-prise-mesure/div/app-dsfr-onglet-tab/div/div[1]/app-fiche-etranger/div/div[2]/section[2]/div[1]/app-accordeon-reference-dossier/section/h3/button' in '1' second(s)

12-02-2025T14:20:04 - [MESSAGE][PASSED] - Object 'Object Repository/A_Version_Nawres/Page_Formulaire_Creation_Dossier/Formulaire_Creation_Dossier_Accordeon/Acc_ Reference_Du_Dossier' is present

12-02-2025T14:20:04 - [TEST_STEP][PASSED] - verifyElementPresent(findTestObject("Object Repository/A_Version_Nawres/Page_Formulaire_Creation_Dossier/Formulaire_Creation_Dossier_Menu/Menu_Reference_Du_Dossier"), 1, STOP_ON_FAILURE): Object 'Object Repository/A_Version_Nawres/Page_Formulaire_Creation_Dossier/Formulaire_Creation_Dossier_Menu/Menu_Reference_Du_Dossier' is present

12-02-2025T14:20:04 - [MESSAGE][INFO] - Finding Test Object 'Object Repository/A_Version_Nawres/Page_Formulaire_Creation_Dossier/Formulaire_Creation_Dossier_Menu/Menu_Reference_Du_Dossier'

12-02-2025T14:20:04 - [MESSAGE][INFO] - Checking object

12-02-2025T14:20:04 - [MESSAGE][INFO] - Finding web element from Test Object's properties

12-02-2025T14:20:04 - [MESSAGE][INFO] - Checking timeout

12-02-2025T14:20:04 - [MESSAGE][INFO] - Finding web element with id: 'Object Repository/A_Version_Nawres/Page_Formulaire_Creation_Dossier/Formulaire_Creation_Dossier_Menu/Menu_Reference_Du_Dossier' located by 'By.xpath: /html/body/app-root/app-layout-borderless/div[3]/app-prise-mesure/div/app-dsfr-onglet-tab/div/div[1]/app-fiche-etranger/div/div[1]/app-dsfr-sidemenu/nav/div/div/ul[1]/li/a' in '1' second(s)

12-02-2025T14:20:04 - [MESSAGE][INFO] - Found 1 web elements with id: 'Object Repository/A_Version_Nawres/Page_Formulaire_Creation_Dossier/Formulaire_Creation_Dossier_Menu/Menu_Reference_Du_Dossier' located by 'By.xpath: /html/body/app-root/app-layout-borderless/div[3]/app-prise-mesure/div/app-dsfr-onglet-tab/div/div[1]/app-fiche-etranger/div/div[1]/app-dsfr-sidemenu/nav/div/div/ul[1]/li/a' in '1' second(s)

12-02-2025T14:20:04 - [MESSAGE][PASSED] - Object 'Object Repository/A_Version_Nawres/Page_Formulaire_Creation_Dossier/Formulaire_Creation_Dossier_Menu/Menu_Reference_Du_Dossier' is present

12-02-2025T14:20:04 - [TEST_STEP][PASSED] - verifyElementPresent(findTestObject("Object Repository/A_Version_Nawres/Page_Formulaire_Creation_Dossier/Formulaire_Creation_Dossier_Input/input_Numero_De_Dossier_FPR"), 1, STOP_ON_FAILURE): Object 'Object Repository/A_Version_Nawres/Page_Formulaire_Creation_Dossier/Formulaire_Creation_Dossier_Input/input_Numero_De_Dossier_FPR' is present

12-02-2025T14:20:04 - [MESSAGE][INFO] - Finding Test Object 'Object Repository/A_Version_Nawres/Page_Formulaire_Creation_Dossier/Formulaire_Creation_Dossier_Input/input_Numero_De_Dossier_FPR'

12-02-2025T14:20:04 - [MESSAGE][INFO] - Checking object

12-02-2025T14:20:04 - [MESSAGE][INFO] - Finding web element from Test Object's properties

12-02-2025T14:20:04 - [MESSAGE][INFO] - Checking timeout

12-02-2025T14:20:04 - [MESSAGE][INFO] - Finding web element with id: 'Object Repository/A_Version_Nawres/Page_Formulaire_Creation_Dossier/Formulaire_Creation_Dossier_Input/input_Numero_De_Dossier_FPR' located by 'By.xpath: /html/body/app-root/app-layout-borderless/div[3]/app-prise-mesure/div/app-dsfr-onglet-tab/div/div[1]/app-fiche-etranger/div/div[2]/section[2]/div[1]/app-accordeon-reference-dossier/section/div/form/div/div/div/div[2]/app-dsfr-input/div/input' in '1' second(s)

12-02-2025T14:20:04 - [MESSAGE][INFO] - Found 1 web elements with id: 'Object Repository/A_Version_Nawres/Page_Formulaire_Creation_Dossier/Formulaire_Creation_Dossier_Input/input_Numero_De_Dossier_FPR' located by 'By.xpath: /html/body/app-root/app-layout-borderless/div[3]/app-prise-mesure/div/app-dsfr-onglet-tab/div/div[1]/app-fiche-etranger/div/div[2]/section[2]/div[1]/app-accordeon-reference-dossier/section/div/form/div/div/div/div[2]/app-dsfr-input/div/input' in '1' second(s)

12-02-2025T14:20:04 - [MESSAGE][PASSED] - Object 'Object Repository/A_Version_Nawres/Page_Formulaire_Creation_Dossier/Formulaire_Creation_Dossier_Input/input_Numero_De_Dossier_FPR' is present

12-02-2025T14:20:04 - [TEST_STEP][PASSED] - verifyElementPresent(findTestObject("Object Repository/A_Version_Nawres/Page_Formulaire_Creation_Dossier/Formulaire_Creation_Dossier_Input/input_Numero_Dossier_Interne"), 1, STOP_ON_FAILURE): Object 'Object Repository/A_Version_Nawres/Page_Formulaire_Creation_Dossier/Formulaire_Creation_Dossier_Input/input_Numero_Dossier_Interne' is present

12-02-2025T14:20:04 - [MESSAGE][INFO] - Finding Test Object 'Object Repository/A_Version_Nawres/Page_Formulaire_Creation_Dossier/Formulaire_Creation_Dossier_Input/input_Numero_Dossier_Interne'

12-02-2025T14:20:04 - [MESSAGE][INFO] - Checking object

12-02-2025T14:20:04 - [MESSAGE][INFO] - Finding web element from Test Object's properties

12-02-2025T14:20:04 - [MESSAGE][INFO] - Checking timeout

12-02-2025T14:20:04 - [MESSAGE][INFO] - Finding web element with id: 'Object Repository/A_Version_Nawres/Page_Formulaire_Creation_Dossier/Formulaire_Creation_Dossier_Input/input_Numero_Dossier_Interne' located by 'By.xpath: //*[@id="numero_dossier_interne"]' in '1' second(s)

12-02-2025T14:20:04 - [MESSAGE][INFO] - Found 1 web elements with id: 'Object Repository/A_Version_Nawres/Page_Formulaire_Creation_Dossier/Formulaire_Creation_Dossier_Input/input_Numero_Dossier_Interne' located by 'By.xpath: //*[@id="numero_dossier_interne"]' in '1' second(s)

12-02-2025T14:20:04 - [MESSAGE][PASSED] - Object 'Object Repository/A_Version_Nawres/Page_Formulaire_Creation_Dossier/Formulaire_Creation_Dossier_Input/input_Numero_Dossier_Interne' is present

12-02-2025T14:20:04 - [TEST_STEP][PASSED] - verifyElementPresent(findTestObject("Object Repository/A_Version_Nawres/Page_Formulaire_Creation_Dossier/Formulaire_Creation_Dossier_Accordeon/Acc_Etat_Civil"), 1, STOP_ON_FAILURE): Object 'Object Repository/A_Version_Nawres/Page_Formulaire_Creation_Dossier/Formulaire_Creation_Dossier_Accordeon/Acc_Etat_Civil' is present

12-02-2025T14:20:04 - [MESSAGE][INFO] - Finding Test Object 'Object Repository/A_Version_Nawres/Page_Formulaire_Creation_Dossier/Formulaire_Creation_Dossier_Accordeon/Acc_Etat_Civil'

12-02-2025T14:20:04 - [MESSAGE][INFO] - Checking object

12-02-2025T14:20:04 - [MESSAGE][INFO] - Finding web element from Test Object's properties

12-02-2025T14:20:04 - [MESSAGE][INFO] - Checking timeout

12-02-2025T14:20:04 - [MESSAGE][INFO] - Finding web element with id: 'Object Repository/A_Version_Nawres/Page_Formulaire_Creation_Dossier/Formulaire_Creation_Dossier_Accordeon/Acc_Etat_Civil' located by 'By.xpath: //*[@id="accordeon-fiche-etat-civil"]/section/h3/button[contains(text(),"État civil")]' in '1' second(s)

12-02-2025T14:20:04 - [MESSAGE][INFO] - Found 1 web elements with id: 'Object Repository/A_Version_Nawres/Page_Formulaire_Creation_Dossier/Formulaire_Creation_Dossier_Accordeon/Acc_Etat_Civil' located by 'By.xpath: //*[@id="accordeon-fiche-etat-civil"]/section/h3/button[contains(text(),"État civil")]' in '1' second(s)

12-02-2025T14:20:04 - [MESSAGE][PASSED] - Object 'Object Repository/A_Version_Nawres/Page_Formulaire_Creation_Dossier/Formulaire_Creation_Dossier_Accordeon/Acc_Etat_Civil' is present

12-02-2025T14:20:04 - [TEST_STEP][PASSED] - verifyElementPresent(findTestObject("Object Repository/A_Version_Nawres/Page_Formulaire_Creation_Dossier/Formulaire_Creation_Dossier_Menu/Menu_Fiche_Etat_Civil"), 1, STOP_ON_FAILURE): Object 'Object Repository/A_Version_Nawres/Page_Formulaire_Creation_Dossier/Formulaire_Creation_Dossier_Menu/Menu_Fiche_Etat_Civil' is present

12-02-2025T14:20:04 - [MESSAGE][INFO] - Finding Test Object 'Object Repository/A_Version_Nawres/Page_Formulaire_Creation_Dossier/Formulaire_Creation_Dossier_Menu/Menu_Fiche_Etat_Civil'

12-02-2025T14:20:04 - [MESSAGE][INFO] - Checking object

12-02-2025T14:20:04 - [MESSAGE][INFO] - Finding web element from Test Object's properties

12-02-2025T14:20:04 - [MESSAGE][INFO] - Checking timeout

12-02-2025T14:20:04 - [MESSAGE][INFO] - Finding web element with id: 'Object Repository/A_Version_Nawres/Page_Formulaire_Creation_Dossier/Formulaire_Creation_Dossier_Menu/Menu_Fiche_Etat_Civil' located by 'By.xpath: /html/body/app-root/app-layout-borderless/div[3]/app-prise-mesure/div/app-dsfr-onglet-tab/div/div[1]/app-fiche-etranger/div/div[1]/app-dsfr-sidemenu/nav/div/div/ul[2]/li/a' in '1' second(s)

[...]
	at com.kms.katalon.core.keyword.builtin.CallTestCaseKeyword.execute(CallTestCaseKeyword.groovy:44)
	at com.kms.katalon.core.keyword.internal.KeywordExecutor.executeKeywordForPlatform(KeywordExecutor.groovy:74)
	at com.kms.katalon.core.keyword.BuiltinKeywords.callTestCase(BuiltinKeywords.groovy:310)
	at java.base/jdk.internal.reflect.NativeMethodAccessorImpl.invoke0(Native Method)
	at java.base/jdk.internal.reflect.NativeMethodAccessorImpl.invoke(NativeMethodAccessorImpl.java:77)
	at java.base/jdk.internal.reflect.DelegatingMethodAccessorImpl.invoke(DelegatingMethodAccessorImpl.java:43)
	at com.kazurayam.ksbackyard.HighlightElement$_pandemic_closure1.doCall(HighlightElement.groovy:105)
	at jdk.internal.reflect.GeneratedMethodAccessor9.invoke(Unknown Source)
	at java.base/jdk.internal.reflect.DelegatingMethodAccessorImpl.invoke(DelegatingMethodAccessorImpl.java:43)
	at ANEF_Prendre_Mesure.run(ANEF_Prendre_Mesure:92)
	at com.kms.katalon.core.main.ScriptEngine.run(ScriptEngine.java:194)
	at com.kms.katalon.core.main.ScriptEngine.runScriptAsRawText(ScriptEngine.java:119)
	at com.kms.katalon.core.main.TestCaseExecutor.runScript(TestCaseExecutor.java:448)
	at com.kms.katalon.core.main.TestCaseExecutor.doExecute(TestCaseExecutor.java:439)
	at com.kms.katalon.core.main.TestCaseExecutor.processExecutionPhase(TestCaseExecutor.java:418)
	at com.kms.katalon.core.main.TestCaseExecutor.accessMainPhase(TestCaseExecutor.java:410)
	at com.kms.katalon.core.main.TestCaseExecutor.execute(TestCaseExecutor.java:285)
	at com.kms.katalon.core.main.TestCaseMain.runTestCase(TestCaseMain.java:137)
	at com.kms.katalon.core.keyword.builtin.CallTestCaseKeyword$_callTestCase_closure1.doCall(CallTestCaseKeyword.groovy:59)
	... 28 more
Caused by: com.kms.katalon.core.exception.StepFailedException: Unable to click on object 'Object Repository/A_Version_Nawres/Page_Prendre_Mesure_Formulaire_1/btn_Ajouter_Document'
	at com.kms.katalon.core.webui.keyword.internal.WebUIKeywordMain.stepFailed(WebUIKeywordMain.groovy:64)
	at com.kms.katalon.core.webui.keyword.internal.WebUIKeywordMain.runKeyword(WebUIKeywordMain.groovy:26)
	at com.kms.katalon.core.webui.keyword.builtin.ClickKeyword.click(ClickKeyword.groovy:74)
	at com.kms.katalon.core.webui.keyword.builtin.ClickKeyword.execute(ClickKeyword.groovy:40)
	at com.kms.katalon.core.keyword.internal.KeywordExecutor.executeKeywordForPlatform(KeywordExecutor.groovy:74)
	at com.kms.katalon.core.webui.keyword.WebUiBuiltInKeywords.click(WebUiBuiltInKeywords.groovy:647)
	at java.base/jdk.internal.reflect.NativeMethodAccessorImpl.invoke0(Native Method)
	at java.base/jdk.internal.reflect.NativeMethodAccessorImpl.invoke(NativeMethodAccessorImpl.java:77)
	at java.base/jdk.internal.reflect.DelegatingMethodAccessorImpl.invoke(DelegatingMethodAccessorImpl.java:43)
	at com.kazurayam.ksbackyard.HighlightElement$_pandemic_closure1.doCall(HighlightElement.groovy:105)
	at jdk.internal.reflect.GeneratedMethodAccessor9.invoke(Unknown Source)
	at java.base/jdk.internal.reflect.DelegatingMethodAccessorImpl.invoke(DelegatingMethodAccessorImpl.java:43)
	at ANEF_Prendre_Mesure_Formulaire_1.run(ANEF_Prendre_Mesure_Formulaire_1:219)
	at com.kms.katalon.core.main.ScriptEngine.run(ScriptEngine.java:194)
	at com.kms.katalon.core.main.ScriptEngine.runScriptAsRawText(ScriptEngine.java:119)
	at com.kms.katalon.core.main.TestCaseExecutor.runScript(TestCaseExecutor.java:448)
	at com.kms.katalon.core.main.TestCaseExecutor.doExecute(TestCaseExecutor.java:439)
	at com.kms.katalon.core.main.TestCaseExecutor.processExecutionPhase(TestCaseExecutor.java:418)
	at com.kms.katalon.core.main.TestCaseExecutor.accessMainPhase(TestCaseExecutor.java:410)
	at com.kms.katalon.core.main.TestCaseExecutor.execute(TestCaseExecutor.java:285)
	at com.kms.katalon.core.main.TestCaseMain.runTestCase(TestCaseMain.java:137)
	at com.kms.katalon.core.keyword.builtin.CallTestCaseKeyword$_callTestCase_closure1.doCall(CallTestCaseKeyword.groovy:59)
	... 50 more
Caused by: org.openqa.selenium.ElementClickInterceptedException: element click intercepted: Element <button id="btn-add-file-3" class="fr-grid-row--center fr-btn fr-btn--sm fr-btn--tertiary fr-icon-add-line fr-btn--icon-left fr-mb-2w ng-star-inserted" style="outline: dashed red;">...</button> is not clickable at point (840, 110). Other element would receive the click: <button data-fr-opened="false" aria-label="Supprimer" title="Supprimer une Mesure" disabled="" class="fr-icon-delete-line fr-btn fr-btn--icon-left fr-btn--tertiary">...</button>
  (Session info: chrome=133.0.6943.60)
Build info: version: '3.141.59', revision: 'unknown', time: 'unknown'
System info: host: 'LFR-5CG1459ZTG', ip: '192.168.1.197', os.name: 'Windows 11', os.arch: 'amd64', os.version: '10.0', java.version: '17.0.7'
Driver info: com.kms.katalon.selenium.driver.CChromeDriver
Capabilities {acceptInsecureCerts: false, browserName: chrome, browserVersion: 133.0.6943.60, chrome: {chromedriverVersion: 133.0.6943.53 (9a80935019b0..., userDataDir: C:\Windows\SystemTemp\scope...}, fedcm:accounts: true, goog:chromeOptions: {debuggerAddress: localhost:59604}, javascriptEnabled: true, networkConnectionEnabled: false, pageLoadStrategy: normal, platform: WINDOWS, platformName: WINDOWS, proxy: Proxy(), setWindowRect: true, strictFileInteractability: false, timeouts: {implicit: 0, pageLoad: 300000, script: 30000}, unhandledPromptBehavior: dismiss and notify, webauthn:extension:credBlob: true, webauthn:extension:largeBlob: true, webauthn:extension:minPinLength: true, webauthn:extension:prf: true, webauthn:virtualAuthenticators: true}
Session ID: b14a02cbf642a6c32f74641972e34760
	at java.base/jdk.internal.reflect.NativeConstructorAccessorImpl.newInstance0(Native Method)
	at java.base/jdk.internal.reflect.NativeConstructorAccessorImpl.newInstance(NativeConstructorAccessorImpl.java:77)
	at java.base/jdk.internal.reflect.DelegatingConstructorAccessorImpl.newInstance(DelegatingConstructorAccessorImpl.java:45)
	at org.openqa.selenium.remote.http.W3CHttpResponseCodec.createException(W3CHttpResponseCodec.java:187)
	at org.openqa.selenium.remote.http.W3CHttpResponseCodec.decode(W3CHttpResponseCodec.java:122)
	at org.openqa.selenium.remote.http.W3CHttpResponseCodec.decode(W3CHttpResponseCodec.java:49)
	at org.openqa.selenium.remote.HttpCommandExecutor.execute(HttpCommandExecutor.java:158)
	at org.openqa.selenium.remote.service.DriverCommandExecutor.execute(DriverCommandExecutor.java:83)
	at org.openqa.selenium.remote.RemoteWebDriver.execute(RemoteWebDriver.java:552)
	at com.kms.katalon.selenium.driver.CChromeDriver.execute(CChromeDriver.java:19)
	at org.openqa.selenium.remote.RemoteWebElement.execute(RemoteWebElement.java:285)
	at org.openqa.selenium.remote.RemoteWebElement.click(RemoteWebElement.java:84)
	at jdk.internal.reflect.GeneratedMethodAccessor19.invoke(Unknown Source)
	at java.base/jdk.internal.reflect.DelegatingMethodAccessorImpl.invoke(DelegatingMethodAccessorImpl.java:43)
	at org.openqa.selenium.support.events.EventFiringWebDriver$EventFiringWebElement.lambda$new$0(EventFiringWebDriver.java:404)
	at jdk.proxy2/jdk.proxy2.$Proxy24.click(Unknown Source)
	at org.openqa.selenium.support.events.EventFiringWebDriver$EventFiringWebElement.click(EventFiringWebDriver.java:417)
	at org.openqa.selenium.WebElement$click.call(Unknown Source)
	at com.kms.katalon.core.webui.keyword.builtin.ClickKeyword.clickUntilSuccessWithTimeout(ClickKeyword.groovy:81)
	at com.kms.katalon.core.webui.keyword.builtin.ClickKeyword.clickUntilSuccessWithTimeout(ClickKeyword.groovy)
	at java.base/jdk.internal.reflect.NativeMethodAccessorImpl.invoke0(Native Method)
	at java.base/jdk.internal.reflect.NativeMethodAccessorImpl.invoke(NativeMethodAccessorImpl.java:77)
	at java.base/jdk.internal.reflect.DelegatingMethodAccessorImpl.invoke(DelegatingMethodAccessorImpl.java:43)
	at com.kms.katalon.core.webui.keyword.builtin.ClickKeyword$_click_closure1.doCall(ClickKeyword.groovy:67)
	at com.kms.katalon.core.webui.keyword.builtin.ClickKeyword$_click_closure1.call(ClickKeyword.groovy)
	at com.kms.katalon.core.webui.keyword.internal.WebUIKeywordMain.runKeyword(WebUIKeywordMain.groovy:20)
	... 70 more]]></system-out>
      <system-err><![CDATA[12-02-2025T14:18:55 - [TEST_SUITE][FAILED] - TS_ANEF_Eloignement_OQTF: Test Cases/Cas D Utilisations/A_Version_Nawres/Eloignement_OQTF FAILED.
Reason:
com.kms.katalon.core.exception.StepFailedException: Call Test Case 'Test Cases/Test Reutilisable/Main/AVersion_Nawres/ANEF_Prendre_Mesure' failed
	at com.kms.katalon.core.keyword.builtin.CallTestCaseKeyword$_callTestCase_closure1.doCall(CallTestCaseKeyword.groovy:63)
	at com.kms.katalon.core.keyword.builtin.CallTestCaseKeyword$_callTestCase_closure1.call(CallTestCaseKeyword.groovy)
	at com.kms.katalon.core.keyword.internal.KeywordMain.runKeyword(KeywordMain.groovy:75)
	at com.kms.katalon.core.keyword.builtin.CallTestCaseKeyword.callTestCase(CallTestCaseKeyword.groovy:81)
	at com.kms.katalon.core.keyword.builtin.CallTestCaseKeyword.execute(CallTestCaseKeyword.groovy:44)
	at com.kms.katalon.core.keyword.internal.KeywordExecutor.executeKeywordForPlatform(KeywordExecutor.groovy:74)
	at com.kms.katalon.core.keyword.BuiltinKeywords.callTestCase(BuiltinKeywords.groovy:310)
	at java.base/jdk.internal.reflect.NativeMethodAccessorImpl.invoke0(Native Method)
	at java.base/jdk.internal.reflect.NativeMethodAccessorImpl.invoke(NativeMethodAccessorImpl.java:77)
	at java.base/jdk.internal.reflect.DelegatingMethodAccessorImpl.invoke(DelegatingMethodAccessorImpl.java:43)
	at com.kazurayam.ksbackyard.HighlightElement$_pandemic_closure1.doCall(HighlightElement.groovy:105)
	at jdk.internal.reflect.GeneratedMethodAccessor9.invoke(Unknown Source)
	at java.base/jdk.internal.reflect.DelegatingMethodAccessorImpl.invoke(DelegatingMethodAccessorImpl.java:43)
	at Eloignement_OQTF.run(Eloignement_OQTF:42)
	at com.kms.katalon.core.main.ScriptEngine.run(ScriptEngine.java:194)
	at com.kms.katalon.core.main.ScriptEngine.runScriptAsRawText(ScriptEngine.java:119)
	at com.kms.katalon.core.main.TestCaseExecutor.runScript(TestCaseExecutor.java:448)
	at com.kms.katalon.core.main.TestCaseExecutor.doExecute(TestCaseExecutor.java:439)
	at com.kms.katalon.core.main.TestCaseExecutor.processExecutionPhase(TestCaseExecutor.java:418)
	at com.kms.katalon.core.main.TestCaseExecutor.accessMainPhase(TestCaseExecutor.java:410)
	at com.kms.katalon.core.main.TestCaseExecutor.execute(TestCaseExecutor.java:285)
	at com.kms.katalon.core.common.CommonExecutor.accessTestCaseMainPhase(CommonExecutor.java:65)
	at com.kms.katalon.core.main.TestSuiteExecutor.accessTestSuiteMainPhase(TestSuiteExecutor.java:150)
	at com.kms.katalon.core.main.TestSuiteExecutor.execute(TestSuiteExecutor.java:106)
	at com.kms.katalon.core.main.TestCaseMain.startTestSuite(TestCaseMain.java:180)
	at TempTestSuite1739366320778.run(TempTestSuite1739366320778.groovy:35)
	at java.base/jdk.internal.reflect.NativeMethodAccessorImpl.invoke0(Native Method)
	at java.base/jdk.internal.reflect.NativeMethodAccessorImpl.invoke(NativeMethodAccessorImpl.java:77)
	at java.base/jdk.internal.reflect.DelegatingMethodAccessorImpl.invoke(DelegatingMethodAccessorImpl.java:43)
Caused by: com.kms.katalon.core.exception.StepFailedException: Call Test Case 'Test Cases/Test Reutilisable/Main/AVersion_Nawres/ANEF_Prendre_Mesure_Formulaire_1' failed
	at com.kms.katalon.core.keyword.builtin.CallTestCaseKeyword$_callTestCase_closure1.doCall(CallTestCaseKeyword.groovy:63)
	at com.kms.katalon.core.keyword.builtin.CallTestCaseKeyword$_callTestCase_closure1.call(CallTestCaseKeyword.groovy)
	at com.kms.katalon.core.keyword.internal.KeywordMain.runKeyword(KeywordMain.groovy:75)
	at com.kms.katalon.core.keyword.builtin.CallTestCaseKeyword.callTestCase(CallTestCaseKeyword.groovy:81)
	at com.kms.katalon.core.keyword.builtin.CallTestCaseKeyword.execute(CallTestCaseKeyword.groovy:44)
	at com.kms.katalon.core.keyword.internal.KeywordExecutor.executeKeywordForPlatform(KeywordExecutor.groovy:74)
	at com.kms.katalon.core.keyword.BuiltinKeywords.callTestCase(BuiltinKeywords.groovy:310)
	at java.base/jdk.internal.reflect.NativeMethodAccessorImpl.invoke0(Native Method)
	at java.base/jdk.internal.reflect.NativeMethodAccessorImpl.invoke(NativeMethodAccessorImpl.java:77)
	at java.base/jdk.internal.reflect.DelegatingMethodAccessorImpl.invoke(DelegatingMethodAccessorImpl.java:43)
	at com.kazurayam.ksbackyard.HighlightElement$_pandemic_closure1.doCall(HighlightElement.groovy:105)
	at jdk.internal.reflect.GeneratedMethodAccessor9.invoke(Unknown Source)
	at java.base/jdk.internal.reflect.DelegatingMethodAccessorImpl.invoke(DelegatingMethodAccessorImpl.java:43)
	at ANEF_Prendre_Mesure.run(ANEF_Prendre_Mesure:92)
	at com.kms.katalon.core.main.ScriptEngine.run(ScriptEngine.java:194)
	at com.kms.katalon.core.main.ScriptEngine.runScriptAsRawText(ScriptEngine.java:119)
	at com.kms.katalon.core.main.TestCaseExecutor.runScript(TestCaseExecutor.java:448)
	at com.kms.katalon.core.main.TestCaseExecutor.doExecute(TestCaseExecutor.java:439)
	at com.kms.katalon.core.main.TestCaseExecutor.processExecutionPhase(TestCaseExecutor.java:418)
	at com.kms.katalon.core.main.TestCaseExecutor.accessMainPhase(TestCaseExecutor.java:410)
	at com.kms.katalon.core.main.TestCaseExecutor.execute(TestCaseExecutor.java:285)
	at com.kms.katalon.core.main.TestCaseMain.runTestCase(TestCaseMain.java:137)
	at com.kms.katalon.core.keyword.builtin.CallTestCaseKeyword$_callTestCase_closure1.doCall(CallTestCaseKeyword.groovy:59)
	... 28 more
Caused by: com.kms.katalon.core.exception.StepFailedException: Unable to click on object 'Object Repository/A_Version_Nawres/Page_Prendre_Mesure_Formulaire_1/btn_Ajouter_Document'
	at com.kms.katalon.core.webui.keyword.internal.WebUIKeywordMain.stepFailed(WebUIKeywordMain.groovy:64)
	at com.kms.katalon.core.webui.keyword.internal.WebUIKeywordMain.runKeyword(WebUIKeywordMain.groovy:26)
	at com.kms.katalon.core.webui.keyword.builtin.ClickKeyword.click(ClickKeyword.groovy:74)
	at com.kms.katalon.core.webui.keyword.builtin.ClickKeyword.execute(ClickKeyword.groovy:40)
	at com.kms.katalon.core.keyword.internal.KeywordExecutor.executeKeywordForPlatform(KeywordExecutor.groovy:74)
	at com.kms.katalon.core.webui.keyword.WebUiBuiltInKeywords.click(WebUiBuiltInKeywords.groovy:647)
	at java.base/jdk.internal.reflect.NativeMethodAccessorImpl.invoke0(Native Method)
	at java.base/jdk.internal.reflect.NativeMethodAccessorImpl.invoke(NativeMethodAccessorImpl.java:77)
	at java.base/jdk.internal.reflect.DelegatingMethodAccessorImpl.invoke(DelegatingMethodAccessorImpl.java:43)
	at com.kazurayam.ksbackyard.HighlightElement$_pandemic_closure1.doCall(HighlightElement.groovy:105)
	at jdk.internal.reflect.GeneratedMethodAccessor9.invoke(Unknown Source)
	at java.base/jdk.internal.reflect.DelegatingMethodAccessorImpl.invoke(DelegatingMethodAccessorImpl.java:43)
	at ANEF_Prendre_Mesure_Formulaire_1.run(ANEF_Prendre_Mesure_Formulaire_1:219)
	at com.kms.katalon.core.main.ScriptEngine.run(ScriptEngine.java:194)
	at com.kms.katalon.core.main.ScriptEngine.runScriptAsRawText(ScriptEngine.java:119)
	at com.kms.katalon.core.main.TestCaseExecutor.runScript(TestCaseExecutor.java:448)
	at com.kms.katalon.core.main.TestCaseExecutor.doExecute(TestCaseExecutor.java:439)
	at com.kms.katalon.core.main.TestCaseExecutor.processExecutionPhase(TestCaseExecutor.java:418)
	at com.kms.katalon.core.main.TestCaseExecutor.accessMainPhase(TestCaseExecutor.java:410)
	at com.kms.katalon.core.main.TestCaseExecutor.execute(TestCaseExecutor.java:285)
	at com.kms.katalon.core.main.TestCaseMain.runTestCase(TestCaseMain.java:137)
	at com.kms.katalon.core.keyword.builtin.CallTestCaseKeyword$_callTestCase_closure1.doCall(CallTestCaseKeyword.groovy:59)
	... 50 more
Caused by: org.openqa.selenium.ElementClickInterceptedException: element click intercepted: Element <button id="btn-add-file-3" class="fr-grid-row--center fr-btn fr-btn--sm fr-btn--tertiary fr-icon-add-line fr-btn--icon-left fr-mb-2w ng-star-inserted" style="outline: dashed red;">...</button> is not clickable at point (840, 110). Other element would receive the click: <button data-fr-opened="false" aria-label="Supprimer" title="Supprimer une Mesure" disabled="" class="fr-icon-delete-line fr-btn fr-btn--icon-left fr-btn--tertiary">...</button>
  (Session info: chrome=133.0.6943.60)
Build info: version: '3.141.59', revision: 'unknown', time: 'unknown'
System info: host: 'LFR-5CG1459ZTG', ip: '192.168.1.197', os.name: 'Windows 11', os.arch: 'amd64', os.version: '10.0', java.version: '17.0.7'
Driver info: com.kms.katalon.selenium.driver.CChromeDriver
Capabilities {acceptInsecureCerts: false, browserName: chrome, browserVersion: 133.0.6943.60, chrome: {chromedriverVersion: 133.0.6943.53 (9a80935019b0..., userDataDir: C:\Windows\SystemTemp\scope...}, fedcm:accounts: true, goog:chromeOptions: {debuggerAddress: localhost:59604}, javascriptEnabled: true, networkConnectionEnabled: false, pageLoadStrategy: normal, platform: WINDOWS, platformName: WINDOWS, proxy: Proxy(), setWindowRect: true, strictFileInteractability: false, timeouts: {implicit: 0, pageLoad: 300000, script: 30000}, unhandledPromptBehavior: dismiss and notify, webauthn:extension:credBlob: true, webauthn:extension:largeBlob: true, webauthn:extension:minPinLength: true, webauthn:extension:prf: true, webauthn:virtualAuthenticators: true}
Session ID: b14a02cbf642a6c32f74641972e34760
	at java.base/jdk.internal.reflect.NativeConstructorAccessorImpl.newInstance0(Native Method)
	at java.base/jdk.internal.reflect.NativeConstructorAccessorImpl.newInstance(NativeConstructorAccessorImpl.java:77)
	at java.base/jdk.internal.reflect.DelegatingConstructorAccessorImpl.newInstance(DelegatingConstructorAccessorImpl.java:45)
	at org.openqa.selenium.remote.http.W3CHttpResponseCodec.createException(W3CHttpResponseCodec.java:187)
	at org.openqa.selenium.remote.http.W3CHttpResponseCodec.decode(W3CHttpResponseCodec.java:122)
	at org.openqa.selenium.remote.http.W3CHttpResponseCodec.decode(W3CHttpResponseCodec.java:49)
	at org.openqa.selenium.remote.HttpCommandExecutor.execute(HttpCommandExecutor.java:158)
	at org.openqa.selenium.remote.service.DriverCommandExecutor.execute(DriverCommandExecutor.java:83)
	at org.openqa.selenium.remote.RemoteWebDriver.execute(RemoteWebDriver.java:552)
	at com.kms.katalon.selenium.driver.CChromeDriver.execute(CChromeDriver.java:19)
	at org.openqa.selenium.remote.RemoteWebElement.execute(RemoteWebElement.java:285)
	at org.openqa.selenium.remote.RemoteWebElement.click(RemoteWebElement.java:84)
	at jdk.internal.reflect.GeneratedMethodAccessor19.invoke(Unknown Source)
	at java.base/jdk.internal.reflect.DelegatingMethodAccessorImpl.invoke(DelegatingMethodAccessorImpl.java:43)
	at org.openqa.selenium.support.events.EventFiringWebDriver$EventFiringWebElement.lambda$new$0(EventFiringWebDriver.java:404)
	at jdk.proxy2/jdk.proxy2.$Proxy24.click(Unknown Source)
	at org.openqa.selenium.support.events.EventFiringWebDriver$EventFiringWebElement.click(EventFiringWebDriver.java:417)
	at org.openqa.selenium.WebElement$click.call(Unknown Source)
	at com.kms.katalon.core.webui.keyword.builtin.ClickKeyword.clickUntilSuccessWithTimeout(ClickKeyword.groovy:81)
	at com.kms.katalon.core.webui.keyword.builtin.ClickKeyword.clickUntilSuccessWithTimeout(ClickKeyword.groovy)
	at java.base/jdk.internal.reflect.NativeMethodAccessorImpl.invoke0(Native Method)
	at java.base/jdk.internal.reflect.NativeMethodAccessorImpl.invoke(NativeMethodAccessorImpl.java:77)
	at java.base/jdk.internal.reflect.DelegatingMethodAccessorImpl.invoke(DelegatingMethodAccessorImpl.java:43)
	at com.kms.katalon.core.webui.keyword.builtin.ClickKeyword$_click_closure1.doCall(ClickKeyword.groovy:67)
	at com.kms.katalon.core.webui.keyword.builtin.ClickKeyword$_click_closure1.call(ClickKeyword.groovy)
	at com.kms.katalon.core.webui.keyword.internal.WebUIKeywordMain.runKeyword(WebUIKeywordMain.groovy:20)
	... 70 more]]></system-err>
   </testsuite>
</testsuites>
